Symlinking /home/je/rover_ws/devel/include/cares_msgs/ThinActionResult.h
Symlinking /home/je/rover_ws/devel/include/cares_msgs/Detection.h
Symlinking /home/je/rover_ws/devel/include/cares_msgs/ScanningGoal.h
Symlinking /home/je/rover_ws/devel/include/cares_msgs/CutActionGoal.h
Symlinking /home/je/rover_ws/devel/include/cares_msgs/CalibrationServiceRequest.h
Symlinking /home/je/rover_ws/devel/include/cares_msgs/CutFeedback.h
Symlinking /home/je/rover_ws/devel/include/cares_msgs/MappingGoal.h
Symlinking /home/je/rover_ws/devel/include/cares_msgs/NavigationGoal.h
Symlinking /home/je/rover_ws/devel/include/cares_msgs/ExtractCutPoints.h
Symlinking /home/je/rover_ws/devel/include/cares_msgs/DetectionRequest.h
Symlinking /home/je/rover_ws/devel/include/cares_msgs/PlatformGoalGoal.h
Symlinking /home/je/rover_ws/devel/include/cares_msgs/ArucoDetectResponse.h
Symlinking /home/je/rover_ws/devel/include/cares_msgs/MappingFeedback.h
Symlinking /home/je/rover_ws/devel/include/cares_msgs/Cane.h
Symlinking /home/je/rover_ws/devel/include/cares_msgs/MergeExtractor.h
Symlinking /home/je/rover_ws/devel/include/cares_msgs/SaveCaneGT.h
Symlinking /home/je/rover_ws/devel/include/cares_msgs/ExtractThinPointsRequest.h
Symlinking /home/je/rover_ws/devel/include/cares_msgs/MappingActionResult.h
Symlinking /home/je/rover_ws/devel/include/cares_msgs/PlatformGoalResult.h
Symlinking /home/je/rover_ws/devel/include/cares_msgs/SaveCaneGTRequest.h
Symlinking /home/je/rover_ws/devel/include/cares_msgs/Node.h
Symlinking /home/je/rover_ws/devel/include/cares_msgs/MappingActionGoal.h
Symlinking /home/je/rover_ws/devel/include/cares_msgs/ArucoDetectRequest.h
Symlinking /home/je/rover_ws/devel/include/cares_msgs/CutGoal.h
Symlinking /home/je/rover_ws/devel/include/cares_msgs/CutActionFeedback.h
Symlinking /home/je/rover_ws/devel/include/cares_msgs/ScanningFeedback.h
Symlinking /home/je/rover_ws/devel/include/cares_msgs/CalibrationService.h
Symlinking /home/je/rover_ws/devel/include/cares_msgs/MetricExtractionActionFeedback.h
Symlinking /home/je/rover_ws/devel/include/cares_msgs/PlatformGoalActionGoal.h
Symlinking /home/je/rover_ws/devel/include/cares_msgs/MergeExtractorRequest.h
Symlinking /home/je/rover_ws/devel/include/cares_msgs/LoadVineResponse.h
Symlinking /home/je/rover_ws/devel/include/cares_msgs/PlatformGoalFeedback.h
Symlinking /home/je/rover_ws/devel/include/cares_msgs/NavigationActionResult.h
Symlinking /home/je/rover_ws/devel/include/cares_msgs/NavigationAction.h
Symlinking /home/je/rover_ws/devel/include/cares_msgs/MetricExtractionGoal.h
Symlinking /home/je/rover_ws/devel/include/cares_msgs/ScanningActionResult.h
Symlinking /home/je/rover_ws/devel/include/cares_msgs/PlatformGoalActionFeedback.h
Symlinking /home/je/rover_ws/devel/include/cares_msgs/ScanningActionFeedback.h
Symlinking /home/je/rover_ws/devel/include/cares_msgs/ExtractCutPointsRequest.h
Symlinking /home/je/rover_ws/devel/include/cares_msgs/NavigationActionGoal.h
Symlinking /home/je/rover_ws/devel/include/cares_msgs/PlatformGoalActionResult.h
Symlinking /home/je/rover_ws/devel/include/cares_msgs/ActuationFeedback.h
Symlinking /home/je/rover_ws/devel/include/cares_msgs/DetectionResponse.h
Symlinking /home/je/rover_ws/devel/include/cares_msgs/SetThinPoints.h
Symlinking /home/je/rover_ws/devel/include/cares_msgs/SetThinPointsResponse.h
Symlinking /home/je/rover_ws/devel/include/cares_msgs/CutAction.h
Symlinking /home/je/rover_ws/devel/include/cares_msgs/ActuationActionResult.h
Symlinking /home/je/rover_ws/devel/include/cares_msgs/ScanningResult.h
Symlinking /home/je/rover_ws/devel/include/cares_msgs/InstanceMasks.h
Symlinking /home/je/rover_ws/devel/include/cares_msgs/SetThinPointsRequest.h
Symlinking /home/je/rover_ws/devel/include/cares_msgs/ArucoMarkers.h
Symlinking /home/je/rover_ws/devel/include/cares_msgs/MetricExtractionResult.h
Symlinking /home/je/rover_ws/devel/include/cares_msgs/ThinGoal.h
Symlinking /home/je/rover_ws/devel/include/cares_msgs/ActuationResult.h
Symlinking /home/je/rover_ws/devel/include/cares_msgs/ArchieRailCmdGoal.h
Symlinking /home/je/rover_ws/devel/include/cares_msgs/ThinActionGoal.h
Symlinking /home/je/rover_ws/devel/include/cares_msgs/NavigationActionFeedback.h
Symlinking /home/je/rover_ws/devel/include/cares_msgs/MappingResult.h
Symlinking /home/je/rover_ws/devel/include/cares_msgs/MetricExtractionActionResult.h
Symlinking /home/je/rover_ws/devel/include/cares_msgs/ActuationGoal.h
Symlinking /home/je/rover_ws/devel/include/cares_msgs/MetricExtractionActionGoal.h
Symlinking /home/je/rover_ws/devel/include/cares_msgs/MappingAction.h
Symlinking /home/je/rover_ws/devel/include/cares_msgs/ScanningActionGoal.h
Symlinking /home/je/rover_ws/devel/include/cares_msgs/Fruitlet.h
Symlinking /home/je/rover_ws/devel/include/cares_msgs/SaveCaneGTResponse.h
Symlinking /home/je/rover_ws/devel/include/cares_msgs/Vine.h
Symlinking /home/je/rover_ws/devel/include/cares_msgs/ArucoDetect.h
Symlinking /home/je/rover_ws/devel/include/cares_msgs/NavigationFeedback.h
Symlinking /home/je/rover_ws/devel/include/cares_msgs/MetricExtractionAction.h
Symlinking /home/je/rover_ws/devel/include/cares_msgs/ExtractThinPointsResponse.h
Symlinking /home/je/rover_ws/devel/include/cares_msgs/MergeExtractorResponse.h
Symlinking /home/je/rover_ws/devel/include/cares_msgs/ThinAction.h
Symlinking /home/je/rover_ws/devel/include/cares_msgs/Fruitlets.h
Symlinking /home/je/rover_ws/devel/include/cares_msgs/MetricExtractionFeedback.h
Symlinking /home/je/rover_ws/devel/include/cares_msgs/ThinActionFeedback.h
Symlinking /home/je/rover_ws/devel/include/cares_msgs/PathPlanningConstraints.h
Symlinking /home/je/rover_ws/devel/include/cares_msgs/ExtractThinPoints.h
Symlinking /home/je/rover_ws/devel/include/cares_msgs/CutPoint.h
Symlinking /home/je/rover_ws/devel/include/cares_msgs/ActuationActionFeedback.h
Symlinking /home/je/rover_ws/devel/include/cares_msgs/MappingActionFeedback.h
Symlinking /home/je/rover_ws/devel/include/cares_msgs/PlatformGoalAction.h
Symlinking /home/je/rover_ws/devel/include/cares_msgs/NodeNeighbourInfo.h
Symlinking /home/je/rover_ws/devel/include/cares_msgs/ThinFeedback.h
Symlinking /home/je/rover_ws/devel/include/cares_msgs/ActuationAction.h
Symlinking /home/je/rover_ws/devel/include/cares_msgs/ArchieRailCmdActionFeedback.h
Symlinking /home/je/rover_ws/devel/include/cares_msgs/Metrics.h
Symlinking /home/je/rover_ws/devel/include/cares_msgs/ScanningAction.h
Symlinking /home/je/rover_ws/devel/include/cares_msgs/NavigationResult.h
Symlinking /home/je/rover_ws/devel/include/cares_msgs/ArchieRailCmdResult.h
Symlinking /home/je/rover_ws/devel/include/cares_msgs/ActuationActionGoal.h
Symlinking /home/je/rover_ws/devel/include/cares_msgs/ArchieRailCmdFeedback.h
Symlinking /home/je/rover_ws/devel/include/cares_msgs/ThinResult.h
Symlinking /home/je/rover_ws/devel/include/cares_msgs/ArchieRailCmdActionResult.h
Symlinking /home/je/rover_ws/devel/include/cares_msgs/LoadVine.h
Symlinking /home/je/rover_ws/devel/include/cares_msgs/LoadVineRequest.h
Symlinking /home/je/rover_ws/devel/include/cares_msgs/CutActionResult.h
Symlinking /home/je/rover_ws/devel/include/cares_msgs/ArchieRailCmdAction.h
Symlinking /home/je/rover_ws/devel/include/cares_msgs/ExtractCutPointsResponse.h
Symlinking /home/je/rover_ws/devel/include/cares_msgs/CalibrationServiceResponse.h
Symlinking /home/je/rover_ws/devel/include/cares_msgs/ArchieRailCmdActionGoal.h
Symlinking /home/je/rover_ws/devel/include/cares_msgs/CutResult.h
Symlinking /home/je/rover_ws/devel/include/cares_msgs/StereoCameraInfo.h
Symlinking /home/je/rover_ws/devel/lib/python3/dist-packages/cares_msgs/__init__.py
Symlinking /home/je/rover_ws/devel/lib/python3/dist-packages/cares_msgs/srv/_Detection.py
Symlinking /home/je/rover_ws/devel/lib/python3/dist-packages/cares_msgs/srv/_LoadVine.py
Symlinking /home/je/rover_ws/devel/lib/python3/dist-packages/cares_msgs/srv/__init__.py
Symlinking /home/je/rover_ws/devel/lib/python3/dist-packages/cares_msgs/srv/_ExtractThinPoints.py
Symlinking /home/je/rover_ws/devel/lib/python3/dist-packages/cares_msgs/srv/_MergeExtractor.py
Symlinking /home/je/rover_ws/devel/lib/python3/dist-packages/cares_msgs/srv/_SaveCaneGT.py
Symlinking /home/je/rover_ws/devel/lib/python3/dist-packages/cares_msgs/srv/_SetThinPoints.py
Symlinking /home/je/rover_ws/devel/lib/python3/dist-packages/cares_msgs/srv/_CalibrationService.py
Symlinking /home/je/rover_ws/devel/lib/python3/dist-packages/cares_msgs/srv/_ArucoDetect.py
Symlinking /home/je/rover_ws/devel/lib/python3/dist-packages/cares_msgs/srv/_ExtractCutPoints.py
Symlinking /home/je/rover_ws/devel/lib/python3/dist-packages/cares_msgs/msg/_ThinResult.py
Symlinking /home/je/rover_ws/devel/lib/python3/dist-packages/cares_msgs/msg/_ArchieRailCmdResult.py
Symlinking /home/je/rover_ws/devel/lib/python3/dist-packages/cares_msgs/msg/_ThinAction.py
Symlinking /home/je/rover_ws/devel/lib/python3/dist-packages/cares_msgs/msg/_ScanningActionFeedback.py
Symlinking /home/je/rover_ws/devel/lib/python3/dist-packages/cares_msgs/msg/_PlatformGoalActionResult.py
Symlinking /home/je/rover_ws/devel/lib/python3/dist-packages/cares_msgs/msg/_Node.py
Symlinking /home/je/rover_ws/devel/lib/python3/dist-packages/cares_msgs/msg/_CutActionFeedback.py
Symlinking /home/je/rover_ws/devel/lib/python3/dist-packages/cares_msgs/msg/_NavigationGoal.py
Symlinking /home/je/rover_ws/devel/lib/python3/dist-packages/cares_msgs/msg/_NavigationFeedback.py
Symlinking /home/je/rover_ws/devel/lib/python3/dist-packages/cares_msgs/msg/_ActuationActionResult.py
Symlinking /home/je/rover_ws/devel/lib/python3/dist-packages/cares_msgs/msg/_ScanningActionResult.py
Symlinking /home/je/rover_ws/devel/lib/python3/dist-packages/cares_msgs/msg/_PlatformGoalActionFeedback.py
Symlinking /home/je/rover_ws/devel/lib/python3/dist-packages/cares_msgs/msg/_MetricExtractionGoal.py
Symlinking /home/je/rover_ws/devel/lib/python3/dist-packages/cares_msgs/msg/_ScanningGoal.py
Symlinking /home/je/rover_ws/devel/lib/python3/dist-packages/cares_msgs/msg/_ActuationFeedback.py
Symlinking /home/je/rover_ws/devel/lib/python3/dist-packages/cares_msgs/msg/_MappingActionResult.py
Symlinking /home/je/rover_ws/devel/lib/python3/dist-packages/cares_msgs/msg/__init__.py
Symlinking /home/je/rover_ws/devel/lib/python3/dist-packages/cares_msgs/msg/_ThinFeedback.py
Symlinking /home/je/rover_ws/devel/lib/python3/dist-packages/cares_msgs/msg/_Metrics.py
Symlinking /home/je/rover_ws/devel/lib/python3/dist-packages/cares_msgs/msg/_ArchieRailCmdGoal.py
Symlinking /home/je/rover_ws/devel/lib/python3/dist-packages/cares_msgs/msg/_Vine.py
Symlinking /home/je/rover_ws/devel/lib/python3/dist-packages/cares_msgs/msg/_ArchieRailCmdActionResult.py
Symlinking /home/je/rover_ws/devel/lib/python3/dist-packages/cares_msgs/msg/_Fruitlet.py
Symlinking /home/je/rover_ws/devel/lib/python3/dist-packages/cares_msgs/msg/_CutAction.py
Symlinking /home/je/rover_ws/devel/lib/python3/dist-packages/cares_msgs/msg/_ArchieRailCmdAction.py
Symlinking /home/je/rover_ws/devel/lib/python3/dist-packages/cares_msgs/msg/_PlatformGoalFeedback.py
Symlinking /home/je/rover_ws/devel/lib/python3/dist-packages/cares_msgs/msg/_NavigationActionResult.py
Symlinking /home/je/rover_ws/devel/lib/python3/dist-packages/cares_msgs/msg/_MappingAction.py
Symlinking /home/je/rover_ws/devel/lib/python3/dist-packages/cares_msgs/msg/_MappingGoal.py
Symlinking /home/je/rover_ws/devel/lib/python3/dist-packages/cares_msgs/msg/_MetricExtractionActionResult.py
Symlinking /home/je/rover_ws/devel/lib/python3/dist-packages/cares_msgs/msg/_CutGoal.py
Symlinking /home/je/rover_ws/devel/lib/python3/dist-packages/cares_msgs/msg/_ActuationActionGoal.py
Symlinking /home/je/rover_ws/devel/lib/python3/dist-packages/cares_msgs/msg/_ScanningAction.py
Symlinking /home/je/rover_ws/devel/lib/python3/dist-packages/cares_msgs/msg/_ThinActionGoal.py
Symlinking /home/je/rover_ws/devel/lib/python3/dist-packages/cares_msgs/msg/_ScanningFeedback.py
Symlinking /home/je/rover_ws/devel/lib/python3/dist-packages/cares_msgs/msg/_MappingFeedback.py
Symlinking /home/je/rover_ws/devel/lib/python3/dist-packages/cares_msgs/msg/_ThinActionFeedback.py
Symlinking /home/je/rover_ws/devel/lib/python3/dist-packages/cares_msgs/msg/_NodeNeighbourInfo.py
Symlinking /home/je/rover_ws/devel/lib/python3/dist-packages/cares_msgs/msg/_Fruitlets.py
Symlinking /home/je/rover_ws/devel/lib/python3/dist-packages/cares_msgs/msg/_PlatformGoalActionGoal.py
Symlinking /home/je/rover_ws/devel/lib/python3/dist-packages/cares_msgs/msg/_MappingResult.py
Symlinking /home/je/rover_ws/devel/lib/python3/dist-packages/cares_msgs/msg/_PathPlanningConstraints.py
Symlinking /home/je/rover_ws/devel/lib/python3/dist-packages/cares_msgs/msg/_PlatformGoalResult.py
Symlinking /home/je/rover_ws/devel/lib/python3/dist-packages/cares_msgs/msg/_ScanningActionGoal.py
Symlinking /home/je/rover_ws/devel/lib/python3/dist-packages/cares_msgs/msg/_ArchieRailCmdActionGoal.py
Symlinking /home/je/rover_ws/devel/lib/python3/dist-packages/cares_msgs/msg/_CutPoint.py
Symlinking /home/je/rover_ws/devel/lib/python3/dist-packages/cares_msgs/msg/_MappingActionGoal.py
Symlinking /home/je/rover_ws/devel/lib/python3/dist-packages/cares_msgs/msg/_ScanningResult.py
Symlinking /home/je/rover_ws/devel/lib/python3/dist-packages/cares_msgs/msg/_NavigationResult.py
Symlinking /home/je/rover_ws/devel/lib/python3/dist-packages/cares_msgs/msg/_CutResult.py
Symlinking /home/je/rover_ws/devel/lib/python3/dist-packages/cares_msgs/msg/_Cane.py
Symlinking /home/je/rover_ws/devel/lib/python3/dist-packages/cares_msgs/msg/_MetricExtractionActionGoal.py
Symlinking /home/je/rover_ws/devel/lib/python3/dist-packages/cares_msgs/msg/_CutFeedback.py
Symlinking /home/je/rover_ws/devel/lib/python3/dist-packages/cares_msgs/msg/_ThinGoal.py
Symlinking /home/je/rover_ws/devel/lib/python3/dist-packages/cares_msgs/msg/_ActuationResult.py
Symlinking /home/je/rover_ws/devel/lib/python3/dist-packages/cares_msgs/msg/_ActuationActionFeedback.py
Symlinking /home/je/rover_ws/devel/lib/python3/dist-packages/cares_msgs/msg/_MappingActionFeedback.py
Symlinking /home/je/rover_ws/devel/lib/python3/dist-packages/cares_msgs/msg/_MetricExtractionAction.py
Symlinking /home/je/rover_ws/devel/lib/python3/dist-packages/cares_msgs/msg/_ArchieRailCmdFeedback.py
Symlinking /home/je/rover_ws/devel/lib/python3/dist-packages/cares_msgs/msg/_CutActionResult.py
Symlinking /home/je/rover_ws/devel/lib/python3/dist-packages/cares_msgs/msg/_NavigationAction.py
Symlinking /home/je/rover_ws/devel/lib/python3/dist-packages/cares_msgs/msg/_ThinActionResult.py
Symlinking /home/je/rover_ws/devel/lib/python3/dist-packages/cares_msgs/msg/_PlatformGoalGoal.py
Symlinking /home/je/rover_ws/devel/lib/python3/dist-packages/cares_msgs/msg/_NavigationActionGoal.py
Symlinking /home/je/rover_ws/devel/lib/python3/dist-packages/cares_msgs/msg/_ArchieRailCmdActionFeedback.py
Symlinking /home/je/rover_ws/devel/lib/python3/dist-packages/cares_msgs/msg/_ArucoMarkers.py
Symlinking /home/je/rover_ws/devel/lib/python3/dist-packages/cares_msgs/msg/_PlatformGoalAction.py
Symlinking /home/je/rover_ws/devel/lib/python3/dist-packages/cares_msgs/msg/_CutActionGoal.py
Symlinking /home/je/rover_ws/devel/lib/python3/dist-packages/cares_msgs/msg/_ActuationGoal.py
Symlinking /home/je/rover_ws/devel/lib/python3/dist-packages/cares_msgs/msg/_MetricExtractionFeedback.py
Symlinking /home/je/rover_ws/devel/lib/python3/dist-packages/cares_msgs/msg/_ActuationAction.py
Symlinking /home/je/rover_ws/devel/lib/python3/dist-packages/cares_msgs/msg/_NavigationActionFeedback.py
Symlinking /home/je/rover_ws/devel/lib/python3/dist-packages/cares_msgs/msg/_MetricExtractionActionFeedback.py
Symlinking /home/je/rover_ws/devel/lib/python3/dist-packages/cares_msgs/msg/_MetricExtractionResult.py
Symlinking /home/je/rover_ws/devel/lib/python3/dist-packages/cares_msgs/msg/_InstanceMasks.py
Symlinking /home/je/rover_ws/devel/lib/python3/dist-packages/cares_msgs/msg/_StereoCameraInfo.py
Symlinking /home/je/rover_ws/devel/lib/pkgconfig/cares_msgs.pc
Symlinking /home/je/rover_ws/devel/share/gennodejs/ros/cares_msgs/_index.js
Symlinking /home/je/rover_ws/devel/share/gennodejs/ros/cares_msgs/srv/ExtractThinPoints.js
Symlinking /home/je/rover_ws/devel/share/gennodejs/ros/cares_msgs/srv/ExtractCutPoints.js
Symlinking /home/je/rover_ws/devel/share/gennodejs/ros/cares_msgs/srv/MergeExtractor.js
Symlinking /home/je/rover_ws/devel/share/gennodejs/ros/cares_msgs/srv/SaveCaneGT.js
Symlinking /home/je/rover_ws/devel/share/gennodejs/ros/cares_msgs/srv/_index.js
Symlinking /home/je/rover_ws/devel/share/gennodejs/ros/cares_msgs/srv/CalibrationService.js
Symlinking /home/je/rover_ws/devel/share/gennodejs/ros/cares_msgs/srv/SetThinPoints.js
Symlinking /home/je/rover_ws/devel/share/gennodejs/ros/cares_msgs/srv/LoadVine.js
Symlinking /home/je/rover_ws/devel/share/gennodejs/ros/cares_msgs/srv/ArucoDetect.js
Symlinking /home/je/rover_ws/devel/share/gennodejs/ros/cares_msgs/srv/Detection.js
Symlinking /home/je/rover_ws/devel/share/gennodejs/ros/cares_msgs/msg/CutPoint.js
Symlinking /home/je/rover_ws/devel/share/gennodejs/ros/cares_msgs/msg/StereoCameraInfo.js
Symlinking /home/je/rover_ws/devel/share/gennodejs/ros/cares_msgs/msg/PlatformGoalGoal.js
Symlinking /home/je/rover_ws/devel/share/gennodejs/ros/cares_msgs/msg/ActuationActionGoal.js
Symlinking /home/je/rover_ws/devel/share/gennodejs/ros/cares_msgs/msg/PlatformGoalResult.js
Symlinking /home/je/rover_ws/devel/share/gennodejs/ros/cares_msgs/msg/ScanningActionGoal.js
Symlinking /home/je/rover_ws/devel/share/gennodejs/ros/cares_msgs/msg/ArchieRailCmdAction.js
Symlinking /home/je/rover_ws/devel/share/gennodejs/ros/cares_msgs/msg/MappingFeedback.js
Symlinking /home/je/rover_ws/devel/share/gennodejs/ros/cares_msgs/msg/Fruitlets.js
Symlinking /home/je/rover_ws/devel/share/gennodejs/ros/cares_msgs/msg/CutFeedback.js
Symlinking /home/je/rover_ws/devel/share/gennodejs/ros/cares_msgs/msg/ArchieRailCmdActionGoal.js
Symlinking /home/je/rover_ws/devel/share/gennodejs/ros/cares_msgs/msg/ArchieRailCmdGoal.js
Symlinking /home/je/rover_ws/devel/share/gennodejs/ros/cares_msgs/msg/Metrics.js
Symlinking /home/je/rover_ws/devel/share/gennodejs/ros/cares_msgs/msg/CutActionResult.js
Symlinking /home/je/rover_ws/devel/share/gennodejs/ros/cares_msgs/msg/MetricExtractionAction.js
Symlinking /home/je/rover_ws/devel/share/gennodejs/ros/cares_msgs/msg/PlatformGoalActionResult.js
Symlinking /home/je/rover_ws/devel/share/gennodejs/ros/cares_msgs/msg/PlatformGoalActionGoal.js
Symlinking /home/je/rover_ws/devel/share/gennodejs/ros/cares_msgs/msg/ArchieRailCmdActionFeedback.js
Symlinking /home/je/rover_ws/devel/share/gennodejs/ros/cares_msgs/msg/PlatformGoalFeedback.js
Symlinking /home/je/rover_ws/devel/share/gennodejs/ros/cares_msgs/msg/ArucoMarkers.js
Symlinking /home/je/rover_ws/devel/share/gennodejs/ros/cares_msgs/msg/NavigationActionFeedback.js
Symlinking /home/je/rover_ws/devel/share/gennodejs/ros/cares_msgs/msg/ScanningAction.js
Symlinking /home/je/rover_ws/devel/share/gennodejs/ros/cares_msgs/msg/ScanningFeedback.js
Symlinking /home/je/rover_ws/devel/share/gennodejs/ros/cares_msgs/msg/ActuationResult.js
Symlinking /home/je/rover_ws/devel/share/gennodejs/ros/cares_msgs/msg/ActuationAction.js
Symlinking /home/je/rover_ws/devel/share/gennodejs/ros/cares_msgs/msg/MappingActionResult.js
Symlinking /home/je/rover_ws/devel/share/gennodejs/ros/cares_msgs/msg/PlatformGoalAction.js
Symlinking /home/je/rover_ws/devel/share/gennodejs/ros/cares_msgs/msg/NavigationFeedback.js
Symlinking /home/je/rover_ws/devel/share/gennodejs/ros/cares_msgs/msg/ThinActionFeedback.js
Symlinking /home/je/rover_ws/devel/share/gennodejs/ros/cares_msgs/msg/ScanningGoal.js
Symlinking /home/je/rover_ws/devel/share/gennodejs/ros/cares_msgs/msg/ScanningActionResult.js
Symlinking /home/je/rover_ws/devel/share/gennodejs/ros/cares_msgs/msg/MappingActionGoal.js
Symlinking /home/je/rover_ws/devel/share/gennodejs/ros/cares_msgs/msg/ArchieRailCmdFeedback.js
Symlinking /home/je/rover_ws/devel/share/gennodejs/ros/cares_msgs/msg/ThinFeedback.js
Symlinking /home/je/rover_ws/devel/share/gennodejs/ros/cares_msgs/msg/Fruitlet.js
Symlinking /home/je/rover_ws/devel/share/gennodejs/ros/cares_msgs/msg/CutActionGoal.js
Symlinking /home/je/rover_ws/devel/share/gennodejs/ros/cares_msgs/msg/NavigationAction.js
Symlinking /home/je/rover_ws/devel/share/gennodejs/ros/cares_msgs/msg/ThinAction.js
Symlinking /home/je/rover_ws/devel/share/gennodejs/ros/cares_msgs/msg/CutAction.js
Symlinking /home/je/rover_ws/devel/share/gennodejs/ros/cares_msgs/msg/ArchieRailCmdResult.js
Symlinking /home/je/rover_ws/devel/share/gennodejs/ros/cares_msgs/msg/_index.js
Symlinking /home/je/rover_ws/devel/share/gennodejs/ros/cares_msgs/msg/PathPlanningConstraints.js
Symlinking /home/je/rover_ws/devel/share/gennodejs/ros/cares_msgs/msg/MetricExtractionFeedback.js
Symlinking /home/je/rover_ws/devel/share/gennodejs/ros/cares_msgs/msg/ThinResult.js
Symlinking /home/je/rover_ws/devel/share/gennodejs/ros/cares_msgs/msg/ActuationActionResult.js
Symlinking /home/je/rover_ws/devel/share/gennodejs/ros/cares_msgs/msg/MetricExtractionGoal.js
Symlinking /home/je/rover_ws/devel/share/gennodejs/ros/cares_msgs/msg/MappingGoal.js
Symlinking /home/je/rover_ws/devel/share/gennodejs/ros/cares_msgs/msg/Vine.js
Symlinking /home/je/rover_ws/devel/share/gennodejs/ros/cares_msgs/msg/MetricExtractionActionGoal.js
Symlinking /home/je/rover_ws/devel/share/gennodejs/ros/cares_msgs/msg/NodeNeighbourInfo.js
Symlinking /home/je/rover_ws/devel/share/gennodejs/ros/cares_msgs/msg/MappingActionFeedback.js
Symlinking /home/je/rover_ws/devel/share/gennodejs/ros/cares_msgs/msg/ActuationGoal.js
Symlinking /home/je/rover_ws/devel/share/gennodejs/ros/cares_msgs/msg/NavigationResult.js
Symlinking /home/je/rover_ws/devel/share/gennodejs/ros/cares_msgs/msg/MetricExtractionActionFeedback.js
Symlinking /home/je/rover_ws/devel/share/gennodejs/ros/cares_msgs/msg/Node.js
Symlinking /home/je/rover_ws/devel/share/gennodejs/ros/cares_msgs/msg/ScanningResult.js
Symlinking /home/je/rover_ws/devel/share/gennodejs/ros/cares_msgs/msg/CutActionFeedback.js
Symlinking /home/je/rover_ws/devel/share/gennodejs/ros/cares_msgs/msg/MappingResult.js
Symlinking /home/je/rover_ws/devel/share/gennodejs/ros/cares_msgs/msg/ActuationActionFeedback.js
Symlinking /home/je/rover_ws/devel/share/gennodejs/ros/cares_msgs/msg/NavigationActionResult.js
Symlinking /home/je/rover_ws/devel/share/gennodejs/ros/cares_msgs/msg/ThinGoal.js
Symlinking /home/je/rover_ws/devel/share/gennodejs/ros/cares_msgs/msg/NavigationActionGoal.js
Symlinking /home/je/rover_ws/devel/share/gennodejs/ros/cares_msgs/msg/MappingAction.js
Symlinking /home/je/rover_ws/devel/share/gennodejs/ros/cares_msgs/msg/CutGoal.js
Symlinking /home/je/rover_ws/devel/share/gennodejs/ros/cares_msgs/msg/ThinActionResult.js
Symlinking /home/je/rover_ws/devel/share/gennodejs/ros/cares_msgs/msg/MetricExtractionActionResult.js
Symlinking /home/je/rover_ws/devel/share/gennodejs/ros/cares_msgs/msg/ThinActionGoal.js
Symlinking /home/je/rover_ws/devel/share/gennodejs/ros/cares_msgs/msg/ScanningActionFeedback.js
Symlinking /home/je/rover_ws/devel/share/gennodejs/ros/cares_msgs/msg/NavigationGoal.js
Symlinking /home/je/rover_ws/devel/share/gennodejs/ros/cares_msgs/msg/MetricExtractionResult.js
Symlinking /home/je/rover_ws/devel/share/gennodejs/ros/cares_msgs/msg/ArchieRailCmdActionResult.js
Symlinking /home/je/rover_ws/devel/share/gennodejs/ros/cares_msgs/msg/Cane.js
Symlinking /home/je/rover_ws/devel/share/gennodejs/ros/cares_msgs/msg/PlatformGoalActionFeedback.js
Symlinking /home/je/rover_ws/devel/share/gennodejs/ros/cares_msgs/msg/CutResult.js
Symlinking /home/je/rover_ws/devel/share/gennodejs/ros/cares_msgs/msg/ActuationFeedback.js
Symlinking /home/je/rover_ws/devel/share/gennodejs/ros/cares_msgs/msg/InstanceMasks.js
Symlinking /home/je/rover_ws/devel/share/cares_msgs/cmake/cares_msgsConfig-version.cmake
Symlinking /home/je/rover_ws/devel/share/cares_msgs/cmake/cares_msgsConfig.cmake
Symlinking /home/je/rover_ws/devel/share/cares_msgs/cmake/cares_msgs-msg-extras.cmake
Symlinking /home/je/rover_ws/devel/share/cares_msgs/cmake/cares_msgs-msg-paths.cmake
Symlinking /home/je/rover_ws/devel/share/cares_msgs/msg/MetricExtractionAction.msg
Symlinking /home/je/rover_ws/devel/share/cares_msgs/msg/ScanningFeedback.msg
Symlinking /home/je/rover_ws/devel/share/cares_msgs/msg/ScanningResult.msg
Symlinking /home/je/rover_ws/devel/share/cares_msgs/msg/ThinFeedback.msg
Symlinking /home/je/rover_ws/devel/share/cares_msgs/msg/CutGoal.msg
Symlinking /home/je/rover_ws/devel/share/cares_msgs/msg/ScanningActionResult.msg
Symlinking /home/je/rover_ws/devel/share/cares_msgs/msg/CutActionResult.msg
Symlinking /home/je/rover_ws/devel/share/cares_msgs/msg/ThinAction.msg
Symlinking /home/je/rover_ws/devel/share/cares_msgs/msg/ArchieRailCmdAction.msg
Symlinking /home/je/rover_ws/devel/share/cares_msgs/msg/ThinActionFeedback.msg
Symlinking /home/je/rover_ws/devel/share/cares_msgs/msg/MappingGoal.msg
Symlinking /home/je/rover_ws/devel/share/cares_msgs/msg/CutActionGoal.msg
Symlinking /home/je/rover_ws/devel/share/cares_msgs/msg/MetricExtractionActionResult.msg
Symlinking /home/je/rover_ws/devel/share/cares_msgs/msg/PlatformGoalFeedback.msg
Symlinking /home/je/rover_ws/devel/share/cares_msgs/msg/CutResult.msg
Symlinking /home/je/rover_ws/devel/share/cares_msgs/msg/NavigationFeedback.msg
Symlinking /home/je/rover_ws/devel/share/cares_msgs/msg/CutActionFeedback.msg
Symlinking /home/je/rover_ws/devel/share/cares_msgs/msg/ArchieRailCmdFeedback.msg
Symlinking /home/je/rover_ws/devel/share/cares_msgs/msg/MetricExtractionGoal.msg
Symlinking /home/je/rover_ws/devel/share/cares_msgs/msg/MetricExtractionActionFeedback.msg
Symlinking /home/je/rover_ws/devel/share/cares_msgs/msg/ThinGoal.msg
Symlinking /home/je/rover_ws/devel/share/cares_msgs/msg/ActuationAction.msg
Symlinking /home/je/rover_ws/devel/share/cares_msgs/msg/MappingAction.msg
Symlinking /home/je/rover_ws/devel/share/cares_msgs/msg/ThinResult.msg
Symlinking /home/je/rover_ws/devel/share/cares_msgs/msg/PlatformGoalActionResult.msg
Symlinking /home/je/rover_ws/devel/share/cares_msgs/msg/NavigationAction.msg
Symlinking /home/je/rover_ws/devel/share/cares_msgs/msg/NavigationActionGoal.msg
Symlinking /home/je/rover_ws/devel/share/cares_msgs/msg/ScanningAction.msg
Symlinking /home/je/rover_ws/devel/share/cares_msgs/msg/ArchieRailCmdActionResult.msg
Symlinking /home/je/rover_ws/devel/share/cares_msgs/msg/NavigationActionFeedback.msg
Symlinking /home/je/rover_ws/devel/share/cares_msgs/msg/ScanningGoal.msg
Symlinking /home/je/rover_ws/devel/share/cares_msgs/msg/NavigationResult.msg
Symlinking /home/je/rover_ws/devel/share/cares_msgs/msg/MetricExtractionActionGoal.msg
Symlinking /home/je/rover_ws/devel/share/cares_msgs/msg/CutAction.msg
Symlinking /home/je/rover_ws/devel/share/cares_msgs/msg/NavigationGoal.msg
Symlinking /home/je/rover_ws/devel/share/cares_msgs/msg/MappingActionResult.msg
Symlinking /home/je/rover_ws/devel/share/cares_msgs/msg/ArchieRailCmdGoal.msg
Symlinking /home/je/rover_ws/devel/share/cares_msgs/msg/ActuationGoal.msg
Symlinking /home/je/rover_ws/devel/share/cares_msgs/msg/ArchieRailCmdActionFeedback.msg
Symlinking /home/je/rover_ws/devel/share/cares_msgs/msg/PlatformGoalGoal.msg
Symlinking /home/je/rover_ws/devel/share/cares_msgs/msg/MappingActionFeedback.msg
Symlinking /home/je/rover_ws/devel/share/cares_msgs/msg/ActuationActionGoal.msg
Symlinking /home/je/rover_ws/devel/share/cares_msgs/msg/CutFeedback.msg
Symlinking /home/je/rover_ws/devel/share/cares_msgs/msg/PlatformGoalResult.msg
Symlinking /home/je/rover_ws/devel/share/cares_msgs/msg/PlatformGoalAction.msg
Symlinking /home/je/rover_ws/devel/share/cares_msgs/msg/MappingActionGoal.msg
Symlinking /home/je/rover_ws/devel/share/cares_msgs/msg/ThinActionGoal.msg
Symlinking /home/je/rover_ws/devel/share/cares_msgs/msg/ActuationFeedback.msg
Symlinking /home/je/rover_ws/devel/share/cares_msgs/msg/MappingResult.msg
Symlinking /home/je/rover_ws/devel/share/cares_msgs/msg/ActuationResult.msg
Symlinking /home/je/rover_ws/devel/share/cares_msgs/msg/MetricExtractionResult.msg
Symlinking /home/je/rover_ws/devel/share/cares_msgs/msg/ThinActionResult.msg
Symlinking /home/je/rover_ws/devel/share/cares_msgs/msg/ActuationActionFeedback.msg
Symlinking /home/je/rover_ws/devel/share/cares_msgs/msg/ArchieRailCmdResult.msg
Symlinking /home/je/rover_ws/devel/share/cares_msgs/msg/MetricExtractionFeedback.msg
Symlinking /home/je/rover_ws/devel/share/cares_msgs/msg/MappingFeedback.msg
Symlinking /home/je/rover_ws/devel/share/cares_msgs/msg/ActuationActionResult.msg
Symlinking /home/je/rover_ws/devel/share/cares_msgs/msg/PlatformGoalActionFeedback.msg
Symlinking /home/je/rover_ws/devel/share/cares_msgs/msg/NavigationActionResult.msg
Symlinking /home/je/rover_ws/devel/share/cares_msgs/msg/PlatformGoalActionGoal.msg
Symlinking /home/je/rover_ws/devel/share/cares_msgs/msg/ScanningActionGoal.msg
Symlinking /home/je/rover_ws/devel/share/cares_msgs/msg/ScanningActionFeedback.msg
Symlinking /home/je/rover_ws/devel/share/cares_msgs/msg/ArchieRailCmdActionGoal.msg
Symlinking /home/je/rover_ws/devel/share/roseus/ros/cares_msgs/manifest.l
Symlinking /home/je/rover_ws/devel/share/roseus/ros/cares_msgs/srv/ArucoDetect.l
Symlinking /home/je/rover_ws/devel/share/roseus/ros/cares_msgs/srv/CalibrationService.l
Symlinking /home/je/rover_ws/devel/share/roseus/ros/cares_msgs/srv/ExtractCutPoints.l
Symlinking /home/je/rover_ws/devel/share/roseus/ros/cares_msgs/srv/SetThinPoints.l
Symlinking /home/je/rover_ws/devel/share/roseus/ros/cares_msgs/srv/ExtractThinPoints.l
Symlinking /home/je/rover_ws/devel/share/roseus/ros/cares_msgs/srv/LoadVine.l
Symlinking /home/je/rover_ws/devel/share/roseus/ros/cares_msgs/srv/Detection.l
Symlinking /home/je/rover_ws/devel/share/roseus/ros/cares_msgs/srv/MergeExtractor.l
Symlinking /home/je/rover_ws/devel/share/roseus/ros/cares_msgs/srv/SaveCaneGT.l
Symlinking /home/je/rover_ws/devel/share/roseus/ros/cares_msgs/msg/Vine.l
Symlinking /home/je/rover_ws/devel/share/roseus/ros/cares_msgs/msg/CutGoal.l
Symlinking /home/je/rover_ws/devel/share/roseus/ros/cares_msgs/msg/ThinFeedback.l
Symlinking /home/je/rover_ws/devel/share/roseus/ros/cares_msgs/msg/Node.l
Symlinking /home/je/rover_ws/devel/share/roseus/ros/cares_msgs/msg/ArucoMarkers.l
Symlinking /home/je/rover_ws/devel/share/roseus/ros/cares_msgs/msg/ThinGoal.l
Symlinking /home/je/rover_ws/devel/share/roseus/ros/cares_msgs/msg/ArchieRailCmdAction.l
Symlinking /home/je/rover_ws/devel/share/roseus/ros/cares_msgs/msg/ActuationResult.l
Symlinking /home/je/rover_ws/devel/share/roseus/ros/cares_msgs/msg/ActuationAction.l
Symlinking /home/je/rover_ws/devel/share/roseus/ros/cares_msgs/msg/ActuationFeedback.l
Symlinking /home/je/rover_ws/devel/share/roseus/ros/cares_msgs/msg/MetricExtractionAction.l
Symlinking /home/je/rover_ws/devel/share/roseus/ros/cares_msgs/msg/StereoCameraInfo.l
Symlinking /home/je/rover_ws/devel/share/roseus/ros/cares_msgs/msg/ArchieRailCmdResult.l
Symlinking /home/je/rover_ws/devel/share/roseus/ros/cares_msgs/msg/ActuationActionGoal.l
Symlinking /home/je/rover_ws/devel/share/roseus/ros/cares_msgs/msg/CutActionResult.l
Symlinking /home/je/rover_ws/devel/share/roseus/ros/cares_msgs/msg/NavigationActionResult.l
Symlinking /home/je/rover_ws/devel/share/roseus/ros/cares_msgs/msg/MappingActionFeedback.l
Symlinking /home/je/rover_ws/devel/share/roseus/ros/cares_msgs/msg/Fruitlets.l
Symlinking /home/je/rover_ws/devel/share/roseus/ros/cares_msgs/msg/CutResult.l
Symlinking /home/je/rover_ws/devel/share/roseus/ros/cares_msgs/msg/ThinResult.l
Symlinking /home/je/rover_ws/devel/share/roseus/ros/cares_msgs/msg/MetricExtractionResult.l
Symlinking /home/je/rover_ws/devel/share/roseus/ros/cares_msgs/msg/CutActionFeedback.l
Symlinking /home/je/rover_ws/devel/share/roseus/ros/cares_msgs/msg/ArchieRailCmdActionResult.l
Symlinking /home/je/rover_ws/devel/share/roseus/ros/cares_msgs/msg/CutPoint.l
Symlinking /home/je/rover_ws/devel/share/roseus/ros/cares_msgs/msg/PlatformGoalActionFeedback.l
Symlinking /home/je/rover_ws/devel/share/roseus/ros/cares_msgs/msg/PlatformGoalResult.l
Symlinking /home/je/rover_ws/devel/share/roseus/ros/cares_msgs/msg/ThinActionResult.l
Symlinking /home/je/rover_ws/devel/share/roseus/ros/cares_msgs/msg/ScanningFeedback.l
Symlinking /home/je/rover_ws/devel/share/roseus/ros/cares_msgs/msg/ActuationActionFeedback.l
Symlinking /home/je/rover_ws/devel/share/roseus/ros/cares_msgs/msg/MetricExtractionGoal.l
Symlinking /home/je/rover_ws/devel/share/roseus/ros/cares_msgs/msg/ThinActionGoal.l
Symlinking /home/je/rover_ws/devel/share/roseus/ros/cares_msgs/msg/PlatformGoalFeedback.l
Symlinking /home/je/rover_ws/devel/share/roseus/ros/cares_msgs/msg/ActuationActionResult.l
Symlinking /home/je/rover_ws/devel/share/roseus/ros/cares_msgs/msg/ScanningActionGoal.l
Symlinking /home/je/rover_ws/devel/share/roseus/ros/cares_msgs/msg/ArchieRailCmdGoal.l
Symlinking /home/je/rover_ws/devel/share/roseus/ros/cares_msgs/msg/PathPlanningConstraints.l
Symlinking /home/je/rover_ws/devel/share/roseus/ros/cares_msgs/msg/Metrics.l
Symlinking /home/je/rover_ws/devel/share/roseus/ros/cares_msgs/msg/ScanningActionFeedback.l
Symlinking /home/je/rover_ws/devel/share/roseus/ros/cares_msgs/msg/ThinAction.l
Symlinking /home/je/rover_ws/devel/share/roseus/ros/cares_msgs/msg/InstanceMasks.l
Symlinking /home/je/rover_ws/devel/share/roseus/ros/cares_msgs/msg/CutAction.l
Symlinking /home/je/rover_ws/devel/share/roseus/ros/cares_msgs/msg/ScanningResult.l
Symlinking /home/je/rover_ws/devel/share/roseus/ros/cares_msgs/msg/ActuationGoal.l
Symlinking /home/je/rover_ws/devel/share/roseus/ros/cares_msgs/msg/NodeNeighbourInfo.l
Symlinking /home/je/rover_ws/devel/share/roseus/ros/cares_msgs/msg/MetricExtractionActionResult.l
Symlinking /home/je/rover_ws/devel/share/roseus/ros/cares_msgs/msg/MappingActionResult.l
Symlinking /home/je/rover_ws/devel/share/roseus/ros/cares_msgs/msg/CutActionGoal.l
Symlinking /home/je/rover_ws/devel/share/roseus/ros/cares_msgs/msg/MappingResult.l
Symlinking /home/je/rover_ws/devel/share/roseus/ros/cares_msgs/msg/Fruitlet.l
Symlinking /home/je/rover_ws/devel/share/roseus/ros/cares_msgs/msg/MetricExtractionActionFeedback.l
Symlinking /home/je/rover_ws/devel/share/roseus/ros/cares_msgs/msg/PlatformGoalActionGoal.l
Symlinking /home/je/rover_ws/devel/share/roseus/ros/cares_msgs/msg/NavigationActionFeedback.l
Symlinking /home/je/rover_ws/devel/share/roseus/ros/cares_msgs/msg/MetricExtractionFeedback.l
Symlinking /home/je/rover_ws/devel/share/roseus/ros/cares_msgs/msg/MappingGoal.l
Symlinking /home/je/rover_ws/devel/share/roseus/ros/cares_msgs/msg/PlatformGoalAction.l
Symlinking /home/je/rover_ws/devel/share/roseus/ros/cares_msgs/msg/MappingFeedback.l
Symlinking /home/je/rover_ws/devel/share/roseus/ros/cares_msgs/msg/NavigationFeedback.l
Symlinking /home/je/rover_ws/devel/share/roseus/ros/cares_msgs/msg/NavigationResult.l
Symlinking /home/je/rover_ws/devel/share/roseus/ros/cares_msgs/msg/MappingActionGoal.l
Symlinking /home/je/rover_ws/devel/share/roseus/ros/cares_msgs/msg/CutFeedback.l
Symlinking /home/je/rover_ws/devel/share/roseus/ros/cares_msgs/msg/ArchieRailCmdFeedback.l
Symlinking /home/je/rover_ws/devel/share/roseus/ros/cares_msgs/msg/ScanningAction.l
Symlinking /home/je/rover_ws/devel/share/roseus/ros/cares_msgs/msg/NavigationActionGoal.l
Symlinking /home/je/rover_ws/devel/share/roseus/ros/cares_msgs/msg/ScanningActionResult.l
Symlinking /home/je/rover_ws/devel/share/roseus/ros/cares_msgs/msg/ArchieRailCmdActionFeedback.l
Symlinking /home/je/rover_ws/devel/share/roseus/ros/cares_msgs/msg/NavigationAction.l
Symlinking /home/je/rover_ws/devel/share/roseus/ros/cares_msgs/msg/ThinActionFeedback.l
Symlinking /home/je/rover_ws/devel/share/roseus/ros/cares_msgs/msg/ScanningGoal.l
Symlinking /home/je/rover_ws/devel/share/roseus/ros/cares_msgs/msg/ArchieRailCmdActionGoal.l
Symlinking /home/je/rover_ws/devel/share/roseus/ros/cares_msgs/msg/PlatformGoalGoal.l
Symlinking /home/je/rover_ws/devel/share/roseus/ros/cares_msgs/msg/NavigationGoal.l
Symlinking /home/je/rover_ws/devel/share/roseus/ros/cares_msgs/msg/PlatformGoalActionResult.l
Symlinking /home/je/rover_ws/devel/share/roseus/ros/cares_msgs/msg/MappingAction.l
Symlinking /home/je/rover_ws/devel/share/roseus/ros/cares_msgs/msg/MetricExtractionActionGoal.l
Symlinking /home/je/rover_ws/devel/share/roseus/ros/cares_msgs/msg/Cane.l
Symlinking /home/je/rover_ws/devel/share/common-lisp/ros/cares_msgs/srv/cares_msgs-srv.asd
Symlinking /home/je/rover_ws/devel/share/common-lisp/ros/cares_msgs/srv/SaveCaneGT.lisp
Symlinking /home/je/rover_ws/devel/share/common-lisp/ros/cares_msgs/srv/ExtractThinPoints.lisp
Symlinking /home/je/rover_ws/devel/share/common-lisp/ros/cares_msgs/srv/CalibrationService.lisp
Symlinking /home/je/rover_ws/devel/share/common-lisp/ros/cares_msgs/srv/SetThinPoints.lisp
Symlinking /home/je/rover_ws/devel/share/common-lisp/ros/cares_msgs/srv/ExtractCutPoints.lisp
Symlinking /home/je/rover_ws/devel/share/common-lisp/ros/cares_msgs/srv/_package_MergeExtractor.lisp
Symlinking /home/je/rover_ws/devel/share/common-lisp/ros/cares_msgs/srv/_package_ArucoDetect.lisp
Symlinking /home/je/rover_ws/devel/share/common-lisp/ros/cares_msgs/srv/Detection.lisp
Symlinking /home/je/rover_ws/devel/share/common-lisp/ros/cares_msgs/srv/_package_ExtractCutPoints.lisp
Symlinking /home/je/rover_ws/devel/share/common-lisp/ros/cares_msgs/srv/LoadVine.lisp
Symlinking /home/je/rover_ws/devel/share/common-lisp/ros/cares_msgs/srv/MergeExtractor.lisp
Symlinking /home/je/rover_ws/devel/share/common-lisp/ros/cares_msgs/srv/_package_ExtractThinPoints.lisp
Symlinking /home/je/rover_ws/devel/share/common-lisp/ros/cares_msgs/srv/_package_Detection.lisp
Symlinking /home/je/rover_ws/devel/share/common-lisp/ros/cares_msgs/srv/ArucoDetect.lisp
Symlinking /home/je/rover_ws/devel/share/common-lisp/ros/cares_msgs/srv/_package.lisp
Symlinking /home/je/rover_ws/devel/share/common-lisp/ros/cares_msgs/srv/_package_SetThinPoints.lisp
Symlinking /home/je/rover_ws/devel/share/common-lisp/ros/cares_msgs/srv/_package_LoadVine.lisp
Symlinking /home/je/rover_ws/devel/share/common-lisp/ros/cares_msgs/srv/_package_SaveCaneGT.lisp
Symlinking /home/je/rover_ws/devel/share/common-lisp/ros/cares_msgs/srv/_package_CalibrationService.lisp
Symlinking /home/je/rover_ws/devel/share/common-lisp/ros/cares_msgs/msg/_package_ArchieRailCmdFeedback.lisp
Symlinking /home/je/rover_ws/devel/share/common-lisp/ros/cares_msgs/msg/CutFeedback.lisp
Symlinking /home/je/rover_ws/devel/share/common-lisp/ros/cares_msgs/msg/MappingFeedback.lisp
Symlinking /home/je/rover_ws/devel/share/common-lisp/ros/cares_msgs/msg/ScanningActionFeedback.lisp
Symlinking /home/je/rover_ws/devel/share/common-lisp/ros/cares_msgs/msg/CutAction.lisp
Symlinking /home/je/rover_ws/devel/share/common-lisp/ros/cares_msgs/msg/_package_InstanceMasks.lisp
Symlinking /home/je/rover_ws/devel/share/common-lisp/ros/cares_msgs/msg/_package_MappingResult.lisp
Symlinking /home/je/rover_ws/devel/share/common-lisp/ros/cares_msgs/msg/_package_ArchieRailCmdResult.lisp
Symlinking /home/je/rover_ws/devel/share/common-lisp/ros/cares_msgs/msg/ThinActionResult.lisp
Symlinking /home/je/rover_ws/devel/share/common-lisp/ros/cares_msgs/msg/_package_ThinActionGoal.lisp
Symlinking /home/je/rover_ws/devel/share/common-lisp/ros/cares_msgs/msg/_package_PlatformGoalGoal.lisp
Symlinking /home/je/rover_ws/devel/share/common-lisp/ros/cares_msgs/msg/_package_ThinResult.lisp
Symlinking /home/je/rover_ws/devel/share/common-lisp/ros/cares_msgs/msg/Cane.lisp
Symlinking /home/je/rover_ws/devel/share/common-lisp/ros/cares_msgs/msg/_package_NavigationAction.lisp
Symlinking /home/je/rover_ws/devel/share/common-lisp/ros/cares_msgs/msg/_package_Fruitlet.lisp
Symlinking /home/je/rover_ws/devel/share/common-lisp/ros/cares_msgs/msg/Node.lisp
Symlinking /home/je/rover_ws/devel/share/common-lisp/ros/cares_msgs/msg/PlatformGoalActionResult.lisp
Symlinking /home/je/rover_ws/devel/share/common-lisp/ros/cares_msgs/msg/_package_ActuationActionGoal.lisp
Symlinking /home/je/rover_ws/devel/share/common-lisp/ros/cares_msgs/msg/_package_MetricExtractionAction.lisp
Symlinking /home/je/rover_ws/devel/share/common-lisp/ros/cares_msgs/msg/ScanningGoal.lisp
Symlinking /home/je/rover_ws/devel/share/common-lisp/ros/cares_msgs/msg/Fruitlet.lisp
Symlinking /home/je/rover_ws/devel/share/common-lisp/ros/cares_msgs/msg/_package_MetricExtractionResult.lisp
Symlinking /home/je/rover_ws/devel/share/common-lisp/ros/cares_msgs/msg/CutActionResult.lisp
Symlinking /home/je/rover_ws/devel/share/common-lisp/ros/cares_msgs/msg/_package_NavigationActionFeedback.lisp
Symlinking /home/je/rover_ws/devel/share/common-lisp/ros/cares_msgs/msg/_package_CutActionFeedback.lisp
Symlinking /home/je/rover_ws/devel/share/common-lisp/ros/cares_msgs/msg/MetricExtractionGoal.lisp
Symlinking /home/je/rover_ws/devel/share/common-lisp/ros/cares_msgs/msg/_package_MetricExtractionActionFeedback.lisp
Symlinking /home/je/rover_ws/devel/share/common-lisp/ros/cares_msgs/msg/_package_ArchieRailCmdActionFeedback.lisp
Symlinking /home/je/rover_ws/devel/share/common-lisp/ros/cares_msgs/msg/_package_NavigationResult.lisp
Symlinking /home/je/rover_ws/devel/share/common-lisp/ros/cares_msgs/msg/StereoCameraInfo.lisp
Symlinking /home/je/rover_ws/devel/share/common-lisp/ros/cares_msgs/msg/NavigationResult.lisp
Symlinking /home/je/rover_ws/devel/share/common-lisp/ros/cares_msgs/msg/_package_MappingGoal.lisp
Symlinking /home/je/rover_ws/devel/share/common-lisp/ros/cares_msgs/msg/Fruitlets.lisp
Symlinking /home/je/rover_ws/devel/share/common-lisp/ros/cares_msgs/msg/_package_ThinActionFeedback.lisp
Symlinking /home/je/rover_ws/devel/share/common-lisp/ros/cares_msgs/msg/MetricExtractionActionGoal.lisp
Symlinking /home/je/rover_ws/devel/share/common-lisp/ros/cares_msgs/msg/_package_MappingActionGoal.lisp
Symlinking /home/je/rover_ws/devel/share/common-lisp/ros/cares_msgs/msg/_package_ActuationResult.lisp
Symlinking /home/je/rover_ws/devel/share/common-lisp/ros/cares_msgs/msg/_package_PlatformGoalResult.lisp
Symlinking /home/je/rover_ws/devel/share/common-lisp/ros/cares_msgs/msg/ArchieRailCmdFeedback.lisp
Symlinking /home/je/rover_ws/devel/share/common-lisp/ros/cares_msgs/msg/ThinFeedback.lisp
Symlinking /home/je/rover_ws/devel/share/common-lisp/ros/cares_msgs/msg/_package_ArchieRailCmdGoal.lisp
Symlinking /home/je/rover_ws/devel/share/common-lisp/ros/cares_msgs/msg/_package_ArchieRailCmdAction.lisp
Symlinking /home/je/rover_ws/devel/share/common-lisp/ros/cares_msgs/msg/_package_Cane.lisp
Symlinking /home/je/rover_ws/devel/share/common-lisp/ros/cares_msgs/msg/_package_Fruitlets.lisp
Symlinking /home/je/rover_ws/devel/share/common-lisp/ros/cares_msgs/msg/_package_ThinGoal.lisp
Symlinking /home/je/rover_ws/devel/share/common-lisp/ros/cares_msgs/msg/MetricExtractionAction.lisp
Symlinking /home/je/rover_ws/devel/share/common-lisp/ros/cares_msgs/msg/NavigationActionResult.lisp
Symlinking /home/je/rover_ws/devel/share/common-lisp/ros/cares_msgs/msg/_package_ActuationActionResult.lisp
Symlinking /home/je/rover_ws/devel/share/common-lisp/ros/cares_msgs/msg/ArchieRailCmdGoal.lisp
Symlinking /home/je/rover_ws/devel/share/common-lisp/ros/cares_msgs/msg/ScanningActionGoal.lisp
Symlinking /home/je/rover_ws/devel/share/common-lisp/ros/cares_msgs/msg/ArchieRailCmdResult.lisp
Symlinking /home/je/rover_ws/devel/share/common-lisp/ros/cares_msgs/msg/Vine.lisp
Symlinking /home/je/rover_ws/devel/share/common-lisp/ros/cares_msgs/msg/_package_PathPlanningConstraints.lisp
Symlinking /home/je/rover_ws/devel/share/common-lisp/ros/cares_msgs/msg/_package_MappingFeedback.lisp
Symlinking /home/je/rover_ws/devel/share/common-lisp/ros/cares_msgs/msg/_package_ScanningGoal.lisp
Symlinking /home/je/rover_ws/devel/share/common-lisp/ros/cares_msgs/msg/ArchieRailCmdActionResult.lisp
Symlinking /home/je/rover_ws/devel/share/common-lisp/ros/cares_msgs/msg/ArchieRailCmdActionGoal.lisp
Symlinking /home/je/rover_ws/devel/share/common-lisp/ros/cares_msgs/msg/_package_ArucoMarkers.lisp
Symlinking /home/je/rover_ws/devel/share/common-lisp/ros/cares_msgs/msg/MappingAction.lisp
Symlinking /home/je/rover_ws/devel/share/common-lisp/ros/cares_msgs/msg/_package_CutActionResult.lisp
Symlinking /home/je/rover_ws/devel/share/common-lisp/ros/cares_msgs/msg/ThinAction.lisp
Symlinking /home/je/rover_ws/devel/share/common-lisp/ros/cares_msgs/msg/CutActionGoal.lisp
Symlinking /home/je/rover_ws/devel/share/common-lisp/ros/cares_msgs/msg/CutGoal.lisp
Symlinking /home/je/rover_ws/devel/share/common-lisp/ros/cares_msgs/msg/_package_Metrics.lisp
Symlinking /home/je/rover_ws/devel/share/common-lisp/ros/cares_msgs/msg/MetricExtractionActionFeedback.lisp
Symlinking /home/je/rover_ws/devel/share/common-lisp/ros/cares_msgs/msg/ScanningResult.lisp
Symlinking /home/je/rover_ws/devel/share/common-lisp/ros/cares_msgs/msg/_package_MappingActionFeedback.lisp
Symlinking /home/je/rover_ws/devel/share/common-lisp/ros/cares_msgs/msg/ScanningAction.lisp
Symlinking /home/je/rover_ws/devel/share/common-lisp/ros/cares_msgs/msg/MappingResult.lisp
Symlinking /home/je/rover_ws/devel/share/common-lisp/ros/cares_msgs/msg/_package_ScanningAction.lisp
Symlinking /home/je/rover_ws/devel/share/common-lisp/ros/cares_msgs/msg/ActuationAction.lisp
Symlinking /home/je/rover_ws/devel/share/common-lisp/ros/cares_msgs/msg/ScanningFeedback.lisp
Symlinking /home/je/rover_ws/devel/share/common-lisp/ros/cares_msgs/msg/ThinGoal.lisp
Symlinking /home/je/rover_ws/devel/share/common-lisp/ros/cares_msgs/msg/PlatformGoalGoal.lisp
Symlinking /home/je/rover_ws/devel/share/common-lisp/ros/cares_msgs/msg/CutResult.lisp
Symlinking /home/je/rover_ws/devel/share/common-lisp/ros/cares_msgs/msg/_package_ArchieRailCmdActionResult.lisp
Symlinking /home/je/rover_ws/devel/share/common-lisp/ros/cares_msgs/msg/PlatformGoalActionGoal.lisp
Symlinking /home/je/rover_ws/devel/share/common-lisp/ros/cares_msgs/msg/_package_Node.lisp
Symlinking /home/je/rover_ws/devel/share/common-lisp/ros/cares_msgs/msg/PathPlanningConstraints.lisp
Symlinking /home/je/rover_ws/devel/share/common-lisp/ros/cares_msgs/msg/PlatformGoalActionFeedback.lisp
Symlinking /home/je/rover_ws/devel/share/common-lisp/ros/cares_msgs/msg/Metrics.lisp
Symlinking /home/je/rover_ws/devel/share/common-lisp/ros/cares_msgs/msg/_package_NavigationActionResult.lisp
Symlinking /home/je/rover_ws/devel/share/common-lisp/ros/cares_msgs/msg/_package_ThinFeedback.lisp
Symlinking /home/je/rover_ws/devel/share/common-lisp/ros/cares_msgs/msg/_package_CutActionGoal.lisp
Symlinking /home/je/rover_ws/devel/share/common-lisp/ros/cares_msgs/msg/_package_ScanningResult.lisp
Symlinking /home/je/rover_ws/devel/share/common-lisp/ros/cares_msgs/msg/PlatformGoalResult.lisp
Symlinking /home/je/rover_ws/devel/share/common-lisp/ros/cares_msgs/msg/MappingActionGoal.lisp
Symlinking /home/je/rover_ws/devel/share/common-lisp/ros/cares_msgs/msg/PlatformGoalAction.lisp
Symlinking /home/je/rover_ws/devel/share/common-lisp/ros/cares_msgs/msg/MetricExtractionActionResult.lisp
Symlinking /home/je/rover_ws/devel/share/common-lisp/ros/cares_msgs/msg/_package_MappingAction.lisp
Symlinking /home/je/rover_ws/devel/share/common-lisp/ros/cares_msgs/msg/ActuationActionResult.lisp
Symlinking /home/je/rover_ws/devel/share/common-lisp/ros/cares_msgs/msg/_package_Vine.lisp
Symlinking /home/je/rover_ws/devel/share/common-lisp/ros/cares_msgs/msg/_package_CutResult.lisp
Symlinking /home/je/rover_ws/devel/share/common-lisp/ros/cares_msgs/msg/_package_MetricExtractionActionResult.lisp
Symlinking /home/je/rover_ws/devel/share/common-lisp/ros/cares_msgs/msg/_package_NavigationGoal.lisp
Symlinking /home/je/rover_ws/devel/share/common-lisp/ros/cares_msgs/msg/_package_ActuationGoal.lisp
Symlinking /home/je/rover_ws/devel/share/common-lisp/ros/cares_msgs/msg/ArucoMarkers.lisp
Symlinking /home/je/rover_ws/devel/share/common-lisp/ros/cares_msgs/msg/_package_PlatformGoalAction.lisp
Symlinking /home/je/rover_ws/devel/share/common-lisp/ros/cares_msgs/msg/_package_ScanningActionResult.lisp
Symlinking /home/je/rover_ws/devel/share/common-lisp/ros/cares_msgs/msg/NodeNeighbourInfo.lisp
Symlinking /home/je/rover_ws/devel/share/common-lisp/ros/cares_msgs/msg/CutPoint.lisp
Symlinking /home/je/rover_ws/devel/share/common-lisp/ros/cares_msgs/msg/MappingGoal.lisp
Symlinking /home/je/rover_ws/devel/share/common-lisp/ros/cares_msgs/msg/NavigationActionGoal.lisp
Symlinking /home/je/rover_ws/devel/share/common-lisp/ros/cares_msgs/msg/NavigationFeedback.lisp
Symlinking /home/je/rover_ws/devel/share/common-lisp/ros/cares_msgs/msg/MetricExtractionFeedback.lisp
Symlinking /home/je/rover_ws/devel/share/common-lisp/ros/cares_msgs/msg/ThinActionFeedback.lisp
Symlinking /home/je/rover_ws/devel/share/common-lisp/ros/cares_msgs/msg/ScanningActionResult.lisp
Symlinking /home/je/rover_ws/devel/share/common-lisp/ros/cares_msgs/msg/ActuationResult.lisp
Symlinking /home/je/rover_ws/devel/share/common-lisp/ros/cares_msgs/msg/ActuationActionGoal.lisp
Symlinking /home/je/rover_ws/devel/share/common-lisp/ros/cares_msgs/msg/_package_PlatformGoalActionFeedback.lisp
Symlinking /home/je/rover_ws/devel/share/common-lisp/ros/cares_msgs/msg/MappingActionFeedback.lisp
Symlinking /home/je/rover_ws/devel/share/common-lisp/ros/cares_msgs/msg/_package_MetricExtractionFeedback.lisp
Symlinking /home/je/rover_ws/devel/share/common-lisp/ros/cares_msgs/msg/_package_NodeNeighbourInfo.lisp
Symlinking /home/je/rover_ws/devel/share/common-lisp/ros/cares_msgs/msg/_package_ThinActionResult.lisp
Symlinking /home/je/rover_ws/devel/share/common-lisp/ros/cares_msgs/msg/_package_PlatformGoalActionResult.lisp
Symlinking /home/je/rover_ws/devel/share/common-lisp/ros/cares_msgs/msg/_package_CutFeedback.lisp
Symlinking /home/je/rover_ws/devel/share/common-lisp/ros/cares_msgs/msg/ThinResult.lisp
Symlinking /home/je/rover_ws/devel/share/common-lisp/ros/cares_msgs/msg/_package_MappingActionResult.lisp
Symlinking /home/je/rover_ws/devel/share/common-lisp/ros/cares_msgs/msg/ThinActionGoal.lisp
Symlinking /home/je/rover_ws/devel/share/common-lisp/ros/cares_msgs/msg/ActuationFeedback.lisp
Symlinking /home/je/rover_ws/devel/share/common-lisp/ros/cares_msgs/msg/_package_ActuationFeedback.lisp
Symlinking /home/je/rover_ws/devel/share/common-lisp/ros/cares_msgs/msg/NavigationAction.lisp
Symlinking /home/je/rover_ws/devel/share/common-lisp/ros/cares_msgs/msg/_package_ScanningActionGoal.lisp
Symlinking /home/je/rover_ws/devel/share/common-lisp/ros/cares_msgs/msg/NavigationGoal.lisp
Symlinking /home/je/rover_ws/devel/share/common-lisp/ros/cares_msgs/msg/_package_NavigationActionGoal.lisp
Symlinking /home/je/rover_ws/devel/share/common-lisp/ros/cares_msgs/msg/cares_msgs-msg.asd
Symlinking /home/je/rover_ws/devel/share/common-lisp/ros/cares_msgs/msg/_package_StereoCameraInfo.lisp
Symlinking /home/je/rover_ws/devel/share/common-lisp/ros/cares_msgs/msg/ActuationGoal.lisp
Symlinking /home/je/rover_ws/devel/share/common-lisp/ros/cares_msgs/msg/MappingActionResult.lisp
Symlinking /home/je/rover_ws/devel/share/common-lisp/ros/cares_msgs/msg/_package_PlatformGoalFeedback.lisp
Symlinking /home/je/rover_ws/devel/share/common-lisp/ros/cares_msgs/msg/ArchieRailCmdAction.lisp
Symlinking /home/je/rover_ws/devel/share/common-lisp/ros/cares_msgs/msg/_package_MetricExtractionActionGoal.lisp
Symlinking /home/je/rover_ws/devel/share/common-lisp/ros/cares_msgs/msg/_package_ThinAction.lisp
Symlinking /home/je/rover_ws/devel/share/common-lisp/ros/cares_msgs/msg/_package_NavigationFeedback.lisp
Symlinking /home/je/rover_ws/devel/share/common-lisp/ros/cares_msgs/msg/_package.lisp
Symlinking /home/je/rover_ws/devel/share/common-lisp/ros/cares_msgs/msg/_package_ActuationActionFeedback.lisp
Symlinking /home/je/rover_ws/devel/share/common-lisp/ros/cares_msgs/msg/_package_CutPoint.lisp
Symlinking /home/je/rover_ws/devel/share/common-lisp/ros/cares_msgs/msg/ActuationActionFeedback.lisp
Symlinking /home/je/rover_ws/devel/share/common-lisp/ros/cares_msgs/msg/MetricExtractionResult.lisp
Symlinking /home/je/rover_ws/devel/share/common-lisp/ros/cares_msgs/msg/_package_CutAction.lisp
Symlinking /home/je/rover_ws/devel/share/common-lisp/ros/cares_msgs/msg/_package_ScanningActionFeedback.lisp
Symlinking /home/je/rover_ws/devel/share/common-lisp/ros/cares_msgs/msg/PlatformGoalFeedback.lisp
Symlinking /home/je/rover_ws/devel/share/common-lisp/ros/cares_msgs/msg/CutActionFeedback.lisp
Symlinking /home/je/rover_ws/devel/share/common-lisp/ros/cares_msgs/msg/_package_MetricExtractionGoal.lisp
Symlinking /home/je/rover_ws/devel/share/common-lisp/ros/cares_msgs/msg/_package_ActuationAction.lisp
Symlinking /home/je/rover_ws/devel/share/common-lisp/ros/cares_msgs/msg/_package_ScanningFeedback.lisp
Symlinking /home/je/rover_ws/devel/share/common-lisp/ros/cares_msgs/msg/_package_PlatformGoalActionGoal.lisp
Symlinking /home/je/rover_ws/devel/share/common-lisp/ros/cares_msgs/msg/InstanceMasks.lisp
Symlinking /home/je/rover_ws/devel/share/common-lisp/ros/cares_msgs/msg/_package_ArchieRailCmdActionGoal.lisp
Symlinking /home/je/rover_ws/devel/share/common-lisp/ros/cares_msgs/msg/_package_CutGoal.lisp
Symlinking /home/je/rover_ws/devel/share/common-lisp/ros/cares_msgs/msg/NavigationActionFeedback.lisp
Symlinking /home/je/rover_ws/devel/share/common-lisp/ros/cares_msgs/msg/ArchieRailCmdActionFeedback.lisp
