[  0%] Built target actionlib_msgs_generate_messages_lisp
[  0%] Built target geometry_msgs_generate_messages_lisp
[  0%] Built target _cares_msgs_generate_messages_check_deps_MetricExtractionFeedback
[  0%] Built target _cares_msgs_generate_messages_check_deps_ThinGoal
[  0%] Built target _cares_msgs_generate_messages_check_deps_ScanningActionFeedback
[  0%] Built target _cares_msgs_generate_messages_check_deps_CutPoint
[  0%] Built target _cares_msgs_generate_messages_check_deps_Node
[  0%] Built target _cares_msgs_generate_messages_check_deps_NavigationActionGoal
[  0%] Built target _cares_msgs_generate_messages_check_deps_MappingAction
[  0%] Built target _cares_msgs_generate_messages_check_deps_MetricExtractionActionFeedback
[  0%] Built target _cares_msgs_generate_messages_check_deps_MappingActionResult
[  0%] Built target _cares_msgs_generate_messages_check_deps_ArucoDetect
[  0%] Built target _cares_msgs_generate_messages_check_deps_CutResult
[  0%] Built target _cares_msgs_generate_messages_check_deps_ScanningGoal
[  0%] Built target _cares_msgs_generate_messages_check_deps_CutActionResult
[  0%] Built target _cares_msgs_generate_messages_check_deps_PlatformGoalResult
[  0%] Built target _cares_msgs_generate_messages_check_deps_CutFeedback
[  0%] Built target _cares_msgs_generate_messages_check_deps_MetricExtractionActionGoal
[  0%] Built target _cares_msgs_generate_messages_check_deps_SetThinPoints
[  0%] Built target _cares_msgs_generate_messages_check_deps_MappingActionGoal
[  0%] Built target _cares_msgs_generate_messages_check_deps_ArchieRailCmdResult
[  0%] Built target _cares_msgs_generate_messages_check_deps_MappingActionFeedback
[  0%] Built target _cares_msgs_generate_messages_check_deps_MetricExtractionActionResult
[  0%] Built target _cares_msgs_generate_messages_check_deps_MappingFeedback
[  0%] Built target _cares_msgs_generate_messages_check_deps_MetricExtractionAction
[  0%] Built target _cares_msgs_generate_messages_check_deps_NavigationAction
[  0%] Built target _cares_msgs_generate_messages_check_deps_MetricExtractionResult
[  0%] Built target _cares_msgs_generate_messages_check_deps_NavigationGoal
[  0%] Built target _cares_msgs_generate_messages_check_deps_NavigationResult
[  0%] Built target _cares_msgs_generate_messages_check_deps_PlatformGoalActionGoal
[  0%] Built target _cares_msgs_generate_messages_check_deps_PlatformGoalActionResult
[  0%] Built target _cares_msgs_generate_messages_check_deps_PlatformGoalActionFeedback
[  0%] Built target _cares_msgs_generate_messages_check_deps_ScanningActionResult
[  0%] Built target _cares_msgs_generate_messages_check_deps_PlatformGoalGoal
[  0%] Built target _cares_msgs_generate_messages_check_deps_ActuationActionFeedback
[  0%] Built target _cares_msgs_generate_messages_check_deps_ExtractThinPoints
[  0%] Built target _cares_msgs_generate_messages_check_deps_PathPlanningConstraints
[  0%] Built target _cares_msgs_generate_messages_check_deps_PlatformGoalAction
[  0%] Built target _cares_msgs_generate_messages_check_deps_NavigationActionFeedback
[  0%] Built target _cares_msgs_generate_messages_check_deps_ScanningActionGoal
[  0%] Built target _cares_msgs_generate_messages_check_deps_ThinResult
[  0%] Built target _cares_msgs_generate_messages_check_deps_MappingResult
[  0%] Built target _cares_msgs_generate_messages_check_deps_InstanceMasks
[  0%] Built target _cares_msgs_generate_messages_check_deps_NavigationActionResult
[  0%] Built target _cares_msgs_generate_messages_check_deps_Fruitlets
[  0%] Built target _cares_msgs_generate_messages_check_deps_Fruitlet
[  0%] Built target _cares_msgs_generate_messages_check_deps_Metrics
[  0%] Built target _cares_msgs_generate_messages_check_deps_NodeNeighbourInfo
[  0%] Built target _cares_msgs_generate_messages_check_deps_StereoCameraInfo
[  0%] Built target _cares_msgs_generate_messages_check_deps_ActuationAction
[  0%] Built target _cares_msgs_generate_messages_check_deps_ActuationResult
[  0%] Built target _cares_msgs_generate_messages_check_deps_ActuationFeedback
[  0%] Built target _cares_msgs_generate_messages_check_deps_ArchieRailCmdAction
[  0%] Built target _cares_msgs_generate_messages_check_deps_ArchieRailCmdActionGoal
[  0%] Built target _cares_msgs_generate_messages_check_deps_CutAction
[  0%] Built target _cares_msgs_generate_messages_check_deps_ArchieRailCmdActionFeedback
[  0%] Built target _cares_msgs_generate_messages_check_deps_ArchieRailCmdGoal
[  0%] Built target _cares_msgs_generate_messages_check_deps_ArchieRailCmdActionResult
[  0%] Built target _cares_msgs_generate_messages_check_deps_CutActionGoal
[  0%] Built target _cares_msgs_generate_messages_check_deps_MappingGoal
[  0%] Built target _cares_msgs_generate_messages_check_deps_ArucoMarkers
[  0%] Built target _cares_msgs_generate_messages_check_deps_ArchieRailCmdFeedback
[  0%] Built target _cares_msgs_generate_messages_check_deps_LoadVine
[  0%] Built target _cares_msgs_generate_messages_check_deps_SaveCaneGT
[  0%] Built target sensor_msgs_generate_messages_lisp
[  0%] Built target _cares_msgs_generate_messages_check_deps_ExtractCutPoints
[  0%] Built target _cares_msgs_generate_messages_check_deps_CalibrationService
[  0%] Built target _cares_msgs_generate_messages_check_deps_ThinActionFeedback
[  0%] Built target _cares_msgs_generate_messages_check_deps_ThinFeedback
[  0%] Built target _cares_msgs_generate_messages_check_deps_ScanningFeedback
[  0%] Built target _cares_msgs_generate_messages_check_deps_ThinAction
[  0%] Built target _cares_msgs_generate_messages_check_deps_ThinActionGoal
[  0%] Built target std_msgs_generate_messages_lisp
[  0%] Built target _cares_msgs_generate_messages_check_deps_ScanningResult
[  0%] Built target _cares_msgs_generate_messages_check_deps_CutActionFeedback
[  0%] Built target _cares_msgs_generate_messages_check_deps_MetricExtractionGoal
[  0%] Built target _cares_msgs_generate_messages_check_deps_ThinActionResult
[  0%] Built target _cares_msgs_generate_messages_check_deps_MergeExtractor
[  0%] Built target _cares_msgs_generate_messages_check_deps_ScanningAction
[  0%] Built target moveit_msgs_generate_messages_lisp
[  0%] Built target _cares_msgs_generate_messages_check_deps_CutGoal
[  0%] Built target _cares_msgs_generate_messages_check_deps_ActuationActionResult
[  0%] Built target _cares_msgs_generate_messages_check_deps_NavigationFeedback
[  0%] Built target moveit_msgs_generate_messages_py
[  0%] Built target _cares_msgs_generate_messages_check_deps_Vine
[  0%] Built target geometry_msgs_generate_messages_py
[  0%] Built target sensor_msgs_generate_messages_py
[  0%] Built target std_msgs_generate_messages_py
[  0%] Built target actionlib_msgs_generate_messages_py
[  0%] Built target _cares_msgs_generate_messages_check_deps_ActuationGoal
[  0%] Built target moveit_msgs_generate_messages_eus
[  0%] Built target _cares_msgs_generate_messages_check_deps_Cane
[  0%] Built target sensor_msgs_generate_messages_eus
[  0%] Built target geometry_msgs_generate_messages_eus
[  0%] Built target std_msgs_generate_messages_eus
[  0%] Built target moveit_msgs_generate_messages_nodejs
[  0%] Built target actionlib_msgs_generate_messages_eus
[  0%] Built target _cares_msgs_generate_messages_check_deps_ActuationActionGoal
[  0%] Built target _cares_msgs_generate_messages_check_deps_Detection
[  0%] Built target geometry_msgs_generate_messages_nodejs
[  0%] Built target actionlib_msgs_generate_messages_nodejs
[  0%] Built target std_msgs_generate_messages_nodejs
[  0%] Built target sensor_msgs_generate_messages_nodejs
[  0%] Built target sensor_msgs_generate_messages_cpp
[  0%] Built target geometry_msgs_generate_messages_cpp
[  0%] Built target actionlib_msgs_generate_messages_cpp
[  0%] Built target moveit_msgs_generate_messages_cpp
[  0%] Built target _cares_msgs_generate_messages_check_deps_PlatformGoalFeedback
[  0%] Built target std_msgs_generate_messages_cpp
[ 98%] Built target cares_msgs_generate_messages_cpp
[ 98%] Built target cares_msgs_generate_messages_py
[ 98%] Built target cares_msgs_generate_messages_lisp
[ 98%] Built target cares_msgs_generate_messages_eus
[100%] Built target cares_msgs_generate_messages_nodejs
[100%] Built target cares_msgs_generate_messages
