[35m[1mScanning dependencies of target _cares_msgs_generate_messages_check_deps_MappingAction[0m
[35m[1mScanning dependencies of target actionlib_msgs_generate_messages_lisp[0m
[35m[1mScanning dependencies of target _cares_msgs_generate_messages_check_deps_CutPoint[0m
[35m[1mScanning dependencies of target geometry_msgs_generate_messages_lisp[0m
[35m[1mScanning dependencies of target _cares_msgs_generate_messages_check_deps_MetricExtractionActionFeedback[0m
[35m[1mScanning dependencies of target _cares_msgs_generate_messages_check_deps_ScanningActionFeedback[0m
[35m[1mScanning dependencies of target _cares_msgs_generate_messages_check_deps_Node[0m
[35m[1mScanning dependencies of target _cares_msgs_generate_messages_check_deps_ThinGoal[0m
[35m[1mScanning dependencies of target _cares_msgs_generate_messages_check_deps_ArucoDetect[0m
[35m[1mScanning dependencies of target _cares_msgs_generate_messages_check_deps_NavigationActionGoal[0m
[35m[1mScanning dependencies of target _cares_msgs_generate_messages_check_deps_MetricExtractionFeedback[0m
[  0%] Built target actionlib_msgs_generate_messages_lisp
[  0%] Built target geometry_msgs_generate_messages_lisp
[35m[1mScanning dependencies of target _cares_msgs_generate_messages_check_deps_MappingActionResult[0m
[35m[1mScanning dependencies of target _cares_msgs_generate_messages_check_deps_CutActionResult[0m
[  0%] Built target _cares_msgs_generate_messages_check_deps_CutPoint
[  0%] Built target _cares_msgs_generate_messages_check_deps_ScanningActionFeedback
[  0%] Built target _cares_msgs_generate_messages_check_deps_Node
[  0%] Built target _cares_msgs_generate_messages_check_deps_ThinGoal
[  0%] Built target _cares_msgs_generate_messages_check_deps_MetricExtractionActionFeedback
[  0%] Built target _cares_msgs_generate_messages_check_deps_ArucoDetect
[  0%] Built target _cares_msgs_generate_messages_check_deps_MappingAction
[  0%] Built target _cares_msgs_generate_messages_check_deps_NavigationActionGoal
[  0%] Built target _cares_msgs_generate_messages_check_deps_MetricExtractionFeedback
[35m[1mScanning dependencies of target _cares_msgs_generate_messages_check_deps_CutFeedback[0m
[35m[1mScanning dependencies of target _cares_msgs_generate_messages_check_deps_CutResult[0m
[35m[1mScanning dependencies of target _cares_msgs_generate_messages_check_deps_ScanningGoal[0m
[35m[1mScanning dependencies of target _cares_msgs_generate_messages_check_deps_ArchieRailCmdResult[0m
[35m[1mScanning dependencies of target _cares_msgs_generate_messages_check_deps_MappingActionGoal[0m
[35m[1mScanning dependencies of target _cares_msgs_generate_messages_check_deps_PlatformGoalResult[0m
[35m[1mScanning dependencies of target _cares_msgs_generate_messages_check_deps_SetThinPoints[0m
[35m[1mScanning dependencies of target _cares_msgs_generate_messages_check_deps_MetricExtractionActionGoal[0m
[  0%] Built target _cares_msgs_generate_messages_check_deps_CutActionResult
[35m[1mScanning dependencies of target _cares_msgs_generate_messages_check_deps_MappingActionFeedback[0m
[  0%] Built target _cares_msgs_generate_messages_check_deps_MappingActionResult
[35m[1mScanning dependencies of target _cares_msgs_generate_messages_check_deps_MetricExtractionAction[0m
[35m[1mScanning dependencies of target _cares_msgs_generate_messages_check_deps_MappingFeedback[0m
[  0%] Built target _cares_msgs_generate_messages_check_deps_CutFeedback
[  0%] Built target _cares_msgs_generate_messages_check_deps_CutResult
[  0%] Built target _cares_msgs_generate_messages_check_deps_SetThinPoints
[  0%] Built target _cares_msgs_generate_messages_check_deps_ScanningGoal
[  0%] Built target _cares_msgs_generate_messages_check_deps_PlatformGoalResult
[  0%] Built target _cares_msgs_generate_messages_check_deps_MetricExtractionActionGoal
[  0%] Built target _cares_msgs_generate_messages_check_deps_ArchieRailCmdResult
[  0%] Built target _cares_msgs_generate_messages_check_deps_MappingActionGoal
[  0%] Built target _cares_msgs_generate_messages_check_deps_MappingActionFeedback
[35m[1mScanning dependencies of target _cares_msgs_generate_messages_check_deps_MetricExtractionResult[0m
[35m[1mScanning dependencies of target _cares_msgs_generate_messages_check_deps_NavigationAction[0m
[35m[1mScanning dependencies of target _cares_msgs_generate_messages_check_deps_NavigationResult[0m
[35m[1mScanning dependencies of target _cares_msgs_generate_messages_check_deps_NavigationGoal[0m
[35m[1mScanning dependencies of target _cares_msgs_generate_messages_check_deps_MetricExtractionActionResult[0m
[35m[1mScanning dependencies of target _cares_msgs_generate_messages_check_deps_PlatformGoalActionGoal[0m
[35m[1mScanning dependencies of target _cares_msgs_generate_messages_check_deps_PlatformGoalActionResult[0m
[35m[1mScanning dependencies of target _cares_msgs_generate_messages_check_deps_PlatformGoalActionFeedback[0m
[35m[1mScanning dependencies of target _cares_msgs_generate_messages_check_deps_PlatformGoalGoal[0m
[  0%] Built target _cares_msgs_generate_messages_check_deps_MetricExtractionAction
[35m[1mScanning dependencies of target _cares_msgs_generate_messages_check_deps_ScanningActionResult[0m
[  0%] Built target _cares_msgs_generate_messages_check_deps_MappingFeedback
[  0%] Built target _cares_msgs_generate_messages_check_deps_NavigationAction
[  0%] Built target _cares_msgs_generate_messages_check_deps_MetricExtractionResult
[  0%] Built target _cares_msgs_generate_messages_check_deps_MetricExtractionActionResult
[  0%] Built target _cares_msgs_generate_messages_check_deps_NavigationGoal
[35m[1mScanning dependencies of target _cares_msgs_generate_messages_check_deps_ActuationActionFeedback[0m
[  0%] Built target _cares_msgs_generate_messages_check_deps_NavigationResult
[  0%] Built target _cares_msgs_generate_messages_check_deps_PlatformGoalActionResult
[  0%] Built target _cares_msgs_generate_messages_check_deps_PlatformGoalGoal
[35m[1mScanning dependencies of target _cares_msgs_generate_messages_check_deps_NavigationActionFeedback[0m
[35m[1mScanning dependencies of target _cares_msgs_generate_messages_check_deps_PlatformGoalAction[0m
[35m[1mScanning dependencies of target _cares_msgs_generate_messages_check_deps_PathPlanningConstraints[0m
[  0%] Built target _cares_msgs_generate_messages_check_deps_PlatformGoalActionFeedback
[35m[1mScanning dependencies of target _cares_msgs_generate_messages_check_deps_ExtractThinPoints[0m
[35m[1mScanning dependencies of target _cares_msgs_generate_messages_check_deps_ThinResult[0m
[  0%] Built target _cares_msgs_generate_messages_check_deps_PlatformGoalActionGoal
[35m[1mScanning dependencies of target _cares_msgs_generate_messages_check_deps_ScanningActionGoal[0m
[35m[1mScanning dependencies of target _cares_msgs_generate_messages_check_deps_MappingResult[0m
[35m[1mScanning dependencies of target _cares_msgs_generate_messages_check_deps_InstanceMasks[0m
[35m[1mScanning dependencies of target _cares_msgs_generate_messages_check_deps_NavigationActionResult[0m
[  0%] Built target _cares_msgs_generate_messages_check_deps_ScanningActionResult
[35m[1mScanning dependencies of target _cares_msgs_generate_messages_check_deps_Fruitlet[0m
[  0%] Built target _cares_msgs_generate_messages_check_deps_ActuationActionFeedback
[  0%] Built target _cares_msgs_generate_messages_check_deps_PathPlanningConstraints
[  0%] Built target _cares_msgs_generate_messages_check_deps_NavigationActionFeedback
[35m[1mScanning dependencies of target _cares_msgs_generate_messages_check_deps_Fruitlets[0m
[  0%] Built target _cares_msgs_generate_messages_check_deps_ThinResult
[  0%] Built target _cares_msgs_generate_messages_check_deps_ScanningActionGoal
[  0%] Built target _cares_msgs_generate_messages_check_deps_ExtractThinPoints
[35m[1mScanning dependencies of target _cares_msgs_generate_messages_check_deps_Metrics[0m
[  0%] Built target _cares_msgs_generate_messages_check_deps_MappingResult
[  0%] Built target _cares_msgs_generate_messages_check_deps_PlatformGoalAction
[35m[1mScanning dependencies of target _cares_msgs_generate_messages_check_deps_ActuationAction[0m
[35m[1mScanning dependencies of target _cares_msgs_generate_messages_check_deps_NodeNeighbourInfo[0m
[35m[1mScanning dependencies of target _cares_msgs_generate_messages_check_deps_StereoCameraInfo[0m
[  0%] Built target _cares_msgs_generate_messages_check_deps_InstanceMasks
[  0%] Built target _cares_msgs_generate_messages_check_deps_NavigationActionResult
[35m[1mScanning dependencies of target _cares_msgs_generate_messages_check_deps_ActuationResult[0m
[35m[1mScanning dependencies of target _cares_msgs_generate_messages_check_deps_ActuationFeedback[0m
[35m[1mScanning dependencies of target _cares_msgs_generate_messages_check_deps_ArchieRailCmdAction[0m
[35m[1mScanning dependencies of target _cares_msgs_generate_messages_check_deps_CutAction[0m
[35m[1mScanning dependencies of target _cares_msgs_generate_messages_check_deps_ArchieRailCmdActionGoal[0m
[  0%] Built target _cares_msgs_generate_messages_check_deps_Fruitlet
[  0%] Built target _cares_msgs_generate_messages_check_deps_Fruitlets
[35m[1mScanning dependencies of target _cares_msgs_generate_messages_check_deps_ArchieRailCmdActionResult[0m
[  0%] Built target _cares_msgs_generate_messages_check_deps_Metrics
[35m[1mScanning dependencies of target _cares_msgs_generate_messages_check_deps_ArchieRailCmdActionFeedback[0m
[  0%] Built target _cares_msgs_generate_messages_check_deps_StereoCameraInfo
[  0%] Built target _cares_msgs_generate_messages_check_deps_ActuationAction
[35m[1mScanning dependencies of target _cares_msgs_generate_messages_check_deps_ArchieRailCmdGoal[0m
[  0%] Built target _cares_msgs_generate_messages_check_deps_ActuationFeedback
[  0%] Built target _cares_msgs_generate_messages_check_deps_NodeNeighbourInfo
[35m[1mScanning dependencies of target _cares_msgs_generate_messages_check_deps_ArucoMarkers[0m
[35m[1mScanning dependencies of target _cares_msgs_generate_messages_check_deps_MappingGoal[0m
[  0%] Built target _cares_msgs_generate_messages_check_deps_ArchieRailCmdAction
[  0%] Built target _cares_msgs_generate_messages_check_deps_CutAction
[35m[1mScanning dependencies of target _cares_msgs_generate_messages_check_deps_ArchieRailCmdFeedback[0m
[35m[1mScanning dependencies of target _cares_msgs_generate_messages_check_deps_CutActionGoal[0m
[35m[1mScanning dependencies of target _cares_msgs_generate_messages_check_deps_SaveCaneGT[0m
[  0%] Built target _cares_msgs_generate_messages_check_deps_ArchieRailCmdActionGoal
[35m[1mScanning dependencies of target _cares_msgs_generate_messages_check_deps_LoadVine[0m
[  0%] Built target _cares_msgs_generate_messages_check_deps_ActuationResult
[35m[1mScanning dependencies of target _cares_msgs_generate_messages_check_deps_CalibrationService[0m
[  0%] Built target _cares_msgs_generate_messages_check_deps_ArchieRailCmdActionResult
[35m[1mScanning dependencies of target _cares_msgs_generate_messages_check_deps_ExtractCutPoints[0m
[  0%] Built target _cares_msgs_generate_messages_check_deps_ArchieRailCmdActionFeedback
[35m[1mScanning dependencies of target _cares_msgs_generate_messages_check_deps_ThinFeedback[0m
[35m[1mScanning dependencies of target _cares_msgs_generate_messages_check_deps_ThinActionFeedback[0m
[  0%] Built target _cares_msgs_generate_messages_check_deps_ArchieRailCmdGoal
[  0%] Built target _cares_msgs_generate_messages_check_deps_ArucoMarkers
[  0%] Built target _cares_msgs_generate_messages_check_deps_MappingGoal
[35m[1mScanning dependencies of target _cares_msgs_generate_messages_check_deps_ThinActionGoal[0m
[  0%] Built target _cares_msgs_generate_messages_check_deps_LoadVine
[  0%] Built target _cares_msgs_generate_messages_check_deps_CutActionGoal
[  0%] Built target _cares_msgs_generate_messages_check_deps_ArchieRailCmdFeedback
[35m[1mScanning dependencies of target _cares_msgs_generate_messages_check_deps_ThinAction[0m
[35m[1mScanning dependencies of target _cares_msgs_generate_messages_check_deps_ScanningFeedback[0m
[  0%] Built target _cares_msgs_generate_messages_check_deps_SaveCaneGT
[35m[1mScanning dependencies of target _cares_msgs_generate_messages_check_deps_CutActionFeedback[0m
[35m[1mScanning dependencies of target _cares_msgs_generate_messages_check_deps_ScanningResult[0m
[35m[1mScanning dependencies of target sensor_msgs_generate_messages_lisp[0m
[35m[1mScanning dependencies of target _cares_msgs_generate_messages_check_deps_MetricExtractionGoal[0m
[  0%] Built target sensor_msgs_generate_messages_lisp
[  0%] Built target _cares_msgs_generate_messages_check_deps_ExtractCutPoints
[  0%] Built target _cares_msgs_generate_messages_check_deps_CalibrationService
[  0%] Built target _cares_msgs_generate_messages_check_deps_ThinFeedback
[35m[1mScanning dependencies of target _cares_msgs_generate_messages_check_deps_ThinActionResult[0m
[  0%] Built target _cares_msgs_generate_messages_check_deps_ThinActionFeedback
[35m[1mScanning dependencies of target _cares_msgs_generate_messages_check_deps_CutGoal[0m
[35m[1mScanning dependencies of target _cares_msgs_generate_messages_check_deps_MergeExtractor[0m
[35m[1mScanning dependencies of target _cares_msgs_generate_messages_check_deps_ScanningAction[0m
[  0%] Built target _cares_msgs_generate_messages_check_deps_ThinActionGoal
[35m[1mScanning dependencies of target std_msgs_generate_messages_lisp[0m
[  0%] Built target _cares_msgs_generate_messages_check_deps_ScanningFeedback
[  0%] Built target _cares_msgs_generate_messages_check_deps_CutActionFeedback
[  0%] Built target _cares_msgs_generate_messages_check_deps_ScanningResult
[35m[1mScanning dependencies of target _cares_msgs_generate_messages_check_deps_Vine[0m
[  0%] Built target std_msgs_generate_messages_lisp
[  0%] Built target _cares_msgs_generate_messages_check_deps_MetricExtractionGoal
[35m[1mScanning dependencies of target _cares_msgs_generate_messages_check_deps_NavigationFeedback[0m
[35m[1mScanning dependencies of target moveit_msgs_generate_messages_lisp[0m
[35m[1mScanning dependencies of target _cares_msgs_generate_messages_check_deps_ActuationActionResult[0m
[  0%] Built target _cares_msgs_generate_messages_check_deps_ThinAction
[35m[1mScanning dependencies of target _cares_msgs_generate_messages_check_deps_ActuationGoal[0m
[35m[1mScanning dependencies of target _cares_msgs_generate_messages_check_deps_Cane[0m
[  0%] Built target moveit_msgs_generate_messages_lisp
[35m[1mScanning dependencies of target _cares_msgs_generate_messages_check_deps_ActuationActionGoal[0m
[  0%] Built target _cares_msgs_generate_messages_check_deps_ThinActionResult
[35m[1mScanning dependencies of target _cares_msgs_generate_messages_check_deps_Detection[0m
[  0%] Built target _cares_msgs_generate_messages_check_deps_MergeExtractor
[  0%] Built target _cares_msgs_generate_messages_check_deps_CutGoal
[  0%] Built target _cares_msgs_generate_messages_check_deps_ScanningAction
[35m[1mScanning dependencies of target moveit_msgs_generate_messages_py[0m
[35m[1mScanning dependencies of target _cares_msgs_generate_messages_check_deps_PlatformGoalFeedback[0m
[35m[1mScanning dependencies of target sensor_msgs_generate_messages_py[0m
[35m[1mScanning dependencies of target std_msgs_generate_messages_py[0m
[  0%] Built target moveit_msgs_generate_messages_py
[  0%] Built target _cares_msgs_generate_messages_check_deps_Vine
[  0%] Built target _cares_msgs_generate_messages_check_deps_NavigationFeedback
[  0%] Built target _cares_msgs_generate_messages_check_deps_ActuationActionResult
[  0%] Built target _cares_msgs_generate_messages_check_deps_ActuationGoal
[  0%] Built target std_msgs_generate_messages_py
[  0%] Built target sensor_msgs_generate_messages_py
[35m[1mScanning dependencies of target geometry_msgs_generate_messages_py[0m
[35m[1mScanning dependencies of target actionlib_msgs_generate_messages_py[0m
[35m[1mScanning dependencies of target moveit_msgs_generate_messages_eus[0m
[35m[1mScanning dependencies of target sensor_msgs_generate_messages_eus[0m
[  0%] Built target _cares_msgs_generate_messages_check_deps_ActuationActionGoal
[  0%] Built target geometry_msgs_generate_messages_py
[35m[1mScanning dependencies of target std_msgs_generate_messages_eus[0m
[35m[1mScanning dependencies of target geometry_msgs_generate_messages_eus[0m
[35m[1mScanning dependencies of target actionlib_msgs_generate_messages_eus[0m
[  0%] Built target _cares_msgs_generate_messages_check_deps_Cane
[  0%] Built target actionlib_msgs_generate_messages_py
[  0%] Built target moveit_msgs_generate_messages_eus
[  0%] Built target sensor_msgs_generate_messages_eus
[  0%] Built target geometry_msgs_generate_messages_eus
[  0%] Built target std_msgs_generate_messages_eus
[35m[1mScanning dependencies of target geometry_msgs_generate_messages_nodejs[0m
[35m[1mScanning dependencies of target moveit_msgs_generate_messages_nodejs[0m
[  0%] Built target actionlib_msgs_generate_messages_eus
[35m[1mScanning dependencies of target std_msgs_generate_messages_nodejs[0m
[35m[1mScanning dependencies of target actionlib_msgs_generate_messages_nodejs[0m
[35m[1mScanning dependencies of target sensor_msgs_generate_messages_cpp[0m
[35m[1mScanning dependencies of target actionlib_msgs_generate_messages_cpp[0m
[  0%] Built target moveit_msgs_generate_messages_nodejs
[35m[1mScanning dependencies of target moveit_msgs_generate_messages_cpp[0m
[  0%] Built target geometry_msgs_generate_messages_nodejs
[35m[1mScanning dependencies of target geometry_msgs_generate_messages_cpp[0m
[35m[1mScanning dependencies of target sensor_msgs_generate_messages_nodejs[0m
[  0%] Built target _cares_msgs_generate_messages_check_deps_Detection
[  0%] Built target std_msgs_generate_messages_nodejs
[  0%] Built target _cares_msgs_generate_messages_check_deps_PlatformGoalFeedback
[  0%] Built target actionlib_msgs_generate_messages_nodejs
[  0%] Built target moveit_msgs_generate_messages_cpp
[  0%] Built target sensor_msgs_generate_messages_cpp
[  0%] Built target actionlib_msgs_generate_messages_cpp
[35m[1mScanning dependencies of target std_msgs_generate_messages_cpp[0m
[  0%] Built target sensor_msgs_generate_messages_nodejs
[  0%] Built target geometry_msgs_generate_messages_cpp
[35m[1mScanning dependencies of target cares_msgs_generate_messages_lisp[0m
[35m[1mScanning dependencies of target cares_msgs_generate_messages_py[0m
[35m[1mScanning dependencies of target cares_msgs_generate_messages_eus[0m
[  0%] Built target std_msgs_generate_messages_cpp
[35m[1mScanning dependencies of target cares_msgs_generate_messages_nodejs[0m
[  0%] [34m[1mGenerating Lisp code from cares_msgs/CutPoint.msg[0m
[  0%] [34m[1mGenerating EusLisp code from cares_msgs/Cane.msg[0m
[  1%] [34m[1mGenerating EusLisp code from cares_msgs/ArucoMarkers.msg[0m
[  0%] [34m[1mGenerating Lisp code from cares_msgs/Cane.msg[0m
[  1%] [34m[1mGenerating EusLisp code from cares_msgs/CutPoint.msg[0m
[  2%] [34m[1mGenerating Lisp code from cares_msgs/Fruitlet.msg[0m
[  1%] [34m[1mGenerating Lisp code from cares_msgs/ArucoMarkers.msg[0m
[  1%] [34m[1mGenerating Python from MSG cares_msgs/ArucoMarkers[0m
[  2%] [34m[1mGenerating EusLisp code from cares_msgs/Fruitlet.msg[0m
[35m[1mScanning dependencies of target cares_msgs_generate_messages_cpp[0m
[  2%] [34m[1mGenerating Javascript code from cares_msgs/ArucoMarkers.msg[0m
[  2%] [34m[1mGenerating C++ code from cares_msgs/ArucoMarkers.msg[0m
[  2%] [34m[1mGenerating C++ code from cares_msgs/Cane.msg[0m
[  2%] [34m[1mGenerating C++ code from cares_msgs/CutPoint.msg[0m
[  2%] [34m[1mGenerating Lisp code from cares_msgs/Fruitlets.msg[0m
[  3%] [34m[1mGenerating Javascript code from cares_msgs/Cane.msg[0m
[  3%] [34m[1mGenerating Python from MSG cares_msgs/Cane[0m
[  3%] [34m[1mGenerating C++ code from cares_msgs/Fruitlet.msg[0m
[  3%] [34m[1mGenerating Javascript code from cares_msgs/CutPoint.msg[0m
[  3%] [34m[1mGenerating Lisp code from cares_msgs/InstanceMasks.msg[0m
[  3%] [34m[1mGenerating EusLisp code from cares_msgs/Fruitlets.msg[0m
[  4%] [34m[1mGenerating C++ code from cares_msgs/Fruitlets.msg[0m
[  4%] [34m[1mGenerating EusLisp code from cares_msgs/InstanceMasks.msg[0m
[  4%] [34m[1mGenerating Javascript code from cares_msgs/Fruitlet.msg[0m
[  4%] [34m[1mGenerating Python from MSG cares_msgs/CutPoint[0m
[  4%] [34m[1mGenerating Javascript code from cares_msgs/Fruitlets.msg[0m
[  4%] [34m[1mGenerating Lisp code from cares_msgs/Metrics.msg[0m
[  5%] [34m[1mGenerating EusLisp code from cares_msgs/Metrics.msg[0m
[  6%] [34m[1mGenerating Javascript code from cares_msgs/InstanceMasks.msg[0m
[  6%] [34m[1mGenerating EusLisp code from cares_msgs/Node.msg[0m
[  6%] [34m[1mGenerating Javascript code from cares_msgs/Metrics.msg[0m
[  6%] [34m[1mGenerating Javascript code from cares_msgs/Node.msg[0m
[  6%] [34m[1mGenerating Javascript code from cares_msgs/NodeNeighbourInfo.msg[0m
[  7%] [34m[1mGenerating Python from MSG cares_msgs/Fruitlet[0m
[  7%] [34m[1mGenerating C++ code from cares_msgs/InstanceMasks.msg[0m
[  7%] [34m[1mGenerating Python from MSG cares_msgs/Fruitlets[0m
[  8%] [34m[1mGenerating Lisp code from cares_msgs/Node.msg[0m
[  9%] [34m[1mGenerating Javascript code from cares_msgs/PathPlanningConstraints.msg[0m
[  9%] [34m[1mGenerating Python from MSG cares_msgs/InstanceMasks[0m
[  9%] [34m[1mGenerating EusLisp code from cares_msgs/NodeNeighbourInfo.msg[0m
[  9%] [34m[1mGenerating Javascript code from cares_msgs/StereoCameraInfo.msg[0m
[  9%] [34m[1mGenerating EusLisp code from cares_msgs/PathPlanningConstraints.msg[0m
[  9%] [34m[1mGenerating Javascript code from cares_msgs/Vine.msg[0m
[  9%] [34m[1mGenerating Python from MSG cares_msgs/Metrics[0m
[  9%] [34m[1mGenerating Lisp code from cares_msgs/NodeNeighbourInfo.msg[0m
[  9%] [34m[1mGenerating Javascript code from cares_msgs/ActuationAction.msg[0m
[  9%] [34m[1mGenerating Javascript code from cares_msgs/ActuationActionGoal.msg[0m
[ 10%] [34m[1mGenerating Javascript code from cares_msgs/ActuationActionResult.msg[0m
[ 11%] [34m[1mGenerating Python from MSG cares_msgs/Node[0m
[ 11%] [34m[1mGenerating C++ code from cares_msgs/Metrics.msg[0m
[ 11%] [34m[1mGenerating Javascript code from cares_msgs/ActuationActionFeedback.msg[0m
[ 12%] [34m[1mGenerating EusLisp code from cares_msgs/StereoCameraInfo.msg[0m
[ 12%] [34m[1mGenerating Python from MSG cares_msgs/NodeNeighbourInfo[0m
[ 12%] [34m[1mGenerating Lisp code from cares_msgs/PathPlanningConstraints.msg[0m
[ 12%] [34m[1mGenerating EusLisp code from cares_msgs/Vine.msg[0m
[ 12%] [34m[1mGenerating Python from MSG cares_msgs/PathPlanningConstraints[0m
[ 12%] [34m[1mGenerating Lisp code from cares_msgs/StereoCameraInfo.msg[0m
[ 12%] [34m[1mGenerating EusLisp code from cares_msgs/ActuationAction.msg[0m
[ 12%] [34m[1mGenerating Javascript code from cares_msgs/ActuationResult.msg[0m
[ 12%] [34m[1mGenerating Javascript code from cares_msgs/ActuationGoal.msg[0m
[ 12%] [34m[1mGenerating Python from MSG cares_msgs/StereoCameraInfo[0m
[ 12%] [34m[1mGenerating EusLisp code from cares_msgs/ActuationActionGoal.msg[0m
[ 12%] [34m[1mGenerating Lisp code from cares_msgs/Vine.msg[0m
[ 12%] [34m[1mGenerating EusLisp code from cares_msgs/ActuationActionResult.msg[0m
[ 13%] [34m[1mGenerating Javascript code from cares_msgs/ActuationFeedback.msg[0m
[ 14%] [34m[1mGenerating Lisp code from cares_msgs/ActuationAction.msg[0m
[ 15%] [34m[1mGenerating EusLisp code from cares_msgs/ActuationActionFeedback.msg[0m
[ 14%] [34m[1mGenerating C++ code from cares_msgs/Node.msg[0m
[ 15%] [34m[1mGenerating Python from MSG cares_msgs/Vine[0m
[ 15%] [34m[1mGenerating EusLisp code from cares_msgs/ActuationGoal.msg[0m
[ 16%] [34m[1mGenerating Python from MSG cares_msgs/ActuationAction[0m
[ 16%] [34m[1mGenerating EusLisp code from cares_msgs/ActuationResult.msg[0m
[ 16%] [34m[1mGenerating Python from MSG cares_msgs/ActuationActionGoal[0m
[ 16%] [34m[1mGenerating Javascript code from cares_msgs/ArchieRailCmdAction.msg[0m
[ 16%] [34m[1mGenerating Python from MSG cares_msgs/ActuationActionResult[0m
[ 16%] [34m[1mGenerating Lisp code from cares_msgs/ActuationActionGoal.msg[0m
[ 16%] [34m[1mGenerating EusLisp code from cares_msgs/ActuationFeedback.msg[0m
[ 17%] [34m[1mGenerating EusLisp code from cares_msgs/ArchieRailCmdAction.msg[0m
[ 17%] [34m[1mGenerating Javascript code from cares_msgs/ArchieRailCmdActionGoal.msg[0m
[ 17%] [34m[1mGenerating EusLisp code from cares_msgs/ArchieRailCmdActionGoal.msg[0m
[ 17%] [34m[1mGenerating Lisp code from cares_msgs/ActuationActionResult.msg[0m
[ 18%] [34m[1mGenerating C++ code from cares_msgs/NodeNeighbourInfo.msg[0m
[ 18%] [34m[1mGenerating Python from MSG cares_msgs/ActuationActionFeedback[0m
[ 19%] [34m[1mGenerating Python from MSG cares_msgs/ActuationGoal[0m
[ 19%] [34m[1mGenerating Lisp code from cares_msgs/ActuationActionFeedback.msg[0m
[ 19%] [34m[1mGenerating EusLisp code from cares_msgs/ArchieRailCmdActionFeedback.msg[0m
[ 19%] [34m[1mGenerating EusLisp code from cares_msgs/ArchieRailCmdActionResult.msg[0m
[ 19%] [34m[1mGenerating Javascript code from cares_msgs/ArchieRailCmdActionResult.msg[0m
[ 20%] [34m[1mGenerating EusLisp code from cares_msgs/ArchieRailCmdGoal.msg[0m
[ 20%] [34m[1mGenerating Python from MSG cares_msgs/ActuationResult[0m
[ 20%] [34m[1mGenerating Python from MSG cares_msgs/ActuationFeedback[0m
[ 20%] [34m[1mGenerating Python from MSG cares_msgs/ArchieRailCmdAction[0m
[ 21%] [34m[1mGenerating Lisp code from cares_msgs/ActuationGoal.msg[0m
[ 22%] [34m[1mGenerating Python from MSG cares_msgs/ArchieRailCmdActionGoal[0m
[ 22%] [34m[1mGenerating C++ code from cares_msgs/PathPlanningConstraints.msg[0m
[ 22%] [34m[1mGenerating Lisp code from cares_msgs/ActuationResult.msg[0m
[ 23%] [34m[1mGenerating Javascript code from cares_msgs/ArchieRailCmdActionFeedback.msg[0m
[ 23%] [34m[1mGenerating Lisp code from cares_msgs/ActuationFeedback.msg[0m
[ 23%] [34m[1mGenerating Python from MSG cares_msgs/ArchieRailCmdActionResult[0m
[ 23%] [34m[1mGenerating Lisp code from cares_msgs/ArchieRailCmdAction.msg[0m
[ 23%] [34m[1mGenerating EusLisp code from cares_msgs/ArchieRailCmdResult.msg[0m
[ 23%] [34m[1mGenerating Python from MSG cares_msgs/ArchieRailCmdActionFeedback[0m
[ 23%] [34m[1mGenerating Python from MSG cares_msgs/ArchieRailCmdGoal[0m
[ 24%] [34m[1mGenerating Lisp code from cares_msgs/ArchieRailCmdActionGoal.msg[0m
[ 24%] [34m[1mGenerating Javascript code from cares_msgs/ArchieRailCmdGoal.msg[0m
[ 24%] [34m[1mGenerating Python from MSG cares_msgs/ArchieRailCmdResult[0m
[ 24%] [34m[1mGenerating Lisp code from cares_msgs/ArchieRailCmdActionResult.msg[0m
[ 25%] [34m[1mGenerating Python from MSG cares_msgs/ArchieRailCmdFeedback[0m
[ 25%] [34m[1mGenerating EusLisp code from cares_msgs/ArchieRailCmdFeedback.msg[0m
[ 25%] [34m[1mGenerating C++ code from cares_msgs/StereoCameraInfo.msg[0m
[ 25%] [34m[1mGenerating EusLisp code from cares_msgs/CutAction.msg[0m
[ 25%] [34m[1mGenerating Lisp code from cares_msgs/ArchieRailCmdActionFeedback.msg[0m
[ 25%] [34m[1mGenerating EusLisp code from cares_msgs/CutActionGoal.msg[0m
[ 26%] [34m[1mGenerating EusLisp code from cares_msgs/CutActionResult.msg[0m
[ 26%] [34m[1mGenerating Javascript code from cares_msgs/ArchieRailCmdResult.msg[0m
[ 26%] [34m[1mGenerating Python from MSG cares_msgs/CutAction[0m
[ 26%] [34m[1mGenerating Lisp code from cares_msgs/ArchieRailCmdGoal.msg[0m
[ 26%] [34m[1mGenerating EusLisp code from cares_msgs/CutActionFeedback.msg[0m
[ 26%] [34m[1mGenerating Python from MSG cares_msgs/CutActionGoal[0m
[ 26%] [34m[1mGenerating C++ code from cares_msgs/Vine.msg[0m
[ 26%] [34m[1mGenerating Javascript code from cares_msgs/ArchieRailCmdFeedback.msg[0m
[ 26%] [34m[1mGenerating EusLisp code from cares_msgs/CutGoal.msg[0m
[ 27%] [34m[1mGenerating C++ code from cares_msgs/ActuationAction.msg[0m
[ 27%] [34m[1mGenerating C++ code from cares_msgs/ActuationActionGoal.msg[0m
[ 27%] [34m[1mGenerating Python from MSG cares_msgs/CutActionResult[0m
[ 28%] [34m[1mGenerating Python from MSG cares_msgs/CutActionFeedback[0m
[ 29%] [34m[1mGenerating Lisp code from cares_msgs/ArchieRailCmdResult.msg[0m
[ 29%] [34m[1mGenerating Javascript code from cares_msgs/CutAction.msg[0m
[ 29%] [34m[1mGenerating EusLisp code from cares_msgs/CutResult.msg[0m
[ 30%] [34m[1mGenerating Javascript code from cares_msgs/CutActionGoal.msg[0m
[ 30%] [34m[1mGenerating Lisp code from cares_msgs/ArchieRailCmdFeedback.msg[0m
[ 30%] [34m[1mGenerating C++ code from cares_msgs/ActuationActionResult.msg[0m
[ 30%] [34m[1mGenerating Lisp code from cares_msgs/CutAction.msg[0m
[ 30%] [34m[1mGenerating C++ code from cares_msgs/ActuationActionFeedback.msg[0m
[ 30%] [34m[1mGenerating C++ code from cares_msgs/ActuationGoal.msg[0m
[ 30%] [34m[1mGenerating Lisp code from cares_msgs/CutActionGoal.msg[0m
[ 30%] [34m[1mGenerating Javascript code from cares_msgs/CutActionResult.msg[0m
[ 30%] [34m[1mGenerating Python from MSG cares_msgs/CutGoal[0m
[ 31%] [34m[1mGenerating C++ code from cares_msgs/ActuationResult.msg[0m
[ 31%] [34m[1mGenerating Python from MSG cares_msgs/CutResult[0m
[ 31%] [34m[1mGenerating C++ code from cares_msgs/ActuationFeedback.msg[0m
[ 32%] [34m[1mGenerating EusLisp code from cares_msgs/CutFeedback.msg[0m
[ 32%] [34m[1mGenerating Lisp code from cares_msgs/CutActionResult.msg[0m
[ 33%] [34m[1mGenerating Lisp code from cares_msgs/CutActionFeedback.msg[0m
[ 33%] [34m[1mGenerating Javascript code from cares_msgs/CutActionFeedback.msg[0m
[ 33%] [34m[1mGenerating Lisp code from cares_msgs/CutGoal.msg[0m
[ 33%] [34m[1mGenerating Lisp code from cares_msgs/CutResult.msg[0m
[ 33%] [34m[1mGenerating Javascript code from cares_msgs/CutGoal.msg[0m
[ 33%] [34m[1mGenerating C++ code from cares_msgs/ArchieRailCmdAction.msg[0m
[ 34%] [34m[1mGenerating Javascript code from cares_msgs/CutResult.msg[0m
[ 34%] [34m[1mGenerating Javascript code from cares_msgs/CutFeedback.msg[0m
[ 34%] [34m[1mGenerating Javascript code from cares_msgs/MappingAction.msg[0m
[ 34%] [34m[1mGenerating EusLisp code from cares_msgs/MappingAction.msg[0m
[ 34%] [34m[1mGenerating Python from MSG cares_msgs/CutFeedback[0m
[ 34%] [34m[1mGenerating C++ code from cares_msgs/ArchieRailCmdActionGoal.msg[0m
[ 34%] [34m[1mGenerating Lisp code from cares_msgs/CutFeedback.msg[0m
[ 34%] [34m[1mGenerating Javascript code from cares_msgs/MappingActionGoal.msg[0m
[ 35%] [34m[1mGenerating Python from MSG cares_msgs/MappingAction[0m
[ 36%] [34m[1mGenerating Lisp code from cares_msgs/MappingAction.msg[0m
[ 37%] [34m[1mGenerating Javascript code from cares_msgs/MappingActionResult.msg[0m
[ 37%] [34m[1mGenerating Javascript code from cares_msgs/MappingActionFeedback.msg[0m
[ 37%] [34m[1mGenerating Javascript code from cares_msgs/MappingGoal.msg[0m
[ 37%] [34m[1mGenerating Lisp code from cares_msgs/MappingActionGoal.msg[0m
[ 37%] [34m[1mGenerating Python from MSG cares_msgs/MappingActionGoal[0m
[ 38%] [34m[1mGenerating C++ code from cares_msgs/ArchieRailCmdActionResult.msg[0m
[ 38%] [34m[1mGenerating EusLisp code from cares_msgs/MappingActionGoal.msg[0m
[ 38%] [34m[1mGenerating EusLisp code from cares_msgs/MappingActionResult.msg[0m
[ 38%] [34m[1mGenerating C++ code from cares_msgs/ArchieRailCmdActionFeedback.msg[0m
[ 38%] [34m[1mGenerating Javascript code from cares_msgs/MappingResult.msg[0m
[ 38%] [34m[1mGenerating Python from MSG cares_msgs/MappingActionResult[0m
[ 38%] [34m[1mGenerating Lisp code from cares_msgs/MappingActionResult.msg[0m
[ 39%] [34m[1mGenerating Javascript code from cares_msgs/MetricExtractionAction.msg[0m
[ 39%] [34m[1mGenerating Python from MSG cares_msgs/MappingActionFeedback[0m
[ 39%] [34m[1mGenerating Javascript code from cares_msgs/MappingFeedback.msg[0m
[ 39%] [34m[1mGenerating Javascript code from cares_msgs/MetricExtractionActionGoal.msg[0m
[ 39%] [34m[1mGenerating Lisp code from cares_msgs/MappingActionFeedback.msg[0m
[ 40%] [34m[1mGenerating EusLisp code from cares_msgs/MappingActionFeedback.msg[0m
[ 40%] [34m[1mGenerating EusLisp code from cares_msgs/MappingGoal.msg[0m
[ 41%] [34m[1mGenerating Lisp code from cares_msgs/MappingGoal.msg[0m
[ 41%] [34m[1mGenerating Lisp code from cares_msgs/MappingResult.msg[0m
[ 41%] [34m[1mGenerating EusLisp code from cares_msgs/MappingResult.msg[0m
[ 41%] [34m[1mGenerating Javascript code from cares_msgs/MetricExtractionActionResult.msg[0m
[ 42%] [34m[1mGenerating Javascript code from cares_msgs/MetricExtractionActionFeedback.msg[0m
[ 42%] [34m[1mGenerating Python from MSG cares_msgs/MappingGoal[0m
[ 43%] [34m[1mGenerating C++ code from cares_msgs/ArchieRailCmdGoal.msg[0m
[ 43%] [34m[1mGenerating Javascript code from cares_msgs/MetricExtractionGoal.msg[0m
[ 43%] [34m[1mGenerating Python from MSG cares_msgs/MappingResult[0m
[ 43%] [34m[1mGenerating EusLisp code from cares_msgs/MappingFeedback.msg[0m
[ 43%] [34m[1mGenerating Lisp code from cares_msgs/MappingFeedback.msg[0m
[ 43%] [34m[1mGenerating Lisp code from cares_msgs/MetricExtractionAction.msg[0m
[ 44%] [34m[1mGenerating EusLisp code from cares_msgs/MetricExtractionAction.msg[0m
[ 44%] [34m[1mGenerating Javascript code from cares_msgs/MetricExtractionResult.msg[0m
[ 44%] [34m[1mGenerating Javascript code from cares_msgs/MetricExtractionFeedback.msg[0m
[ 44%] [34m[1mGenerating Javascript code from cares_msgs/NavigationAction.msg[0m
[ 45%] [34m[1mGenerating Javascript code from cares_msgs/NavigationActionGoal.msg[0m
[ 45%] [34m[1mGenerating Lisp code from cares_msgs/MetricExtractionActionGoal.msg[0m
[ 45%] [34m[1mGenerating Javascript code from cares_msgs/NavigationActionFeedback.msg[0m
[ 45%] [34m[1mGenerating Javascript code from cares_msgs/NavigationActionResult.msg[0m
[ 45%] [34m[1mGenerating EusLisp code from cares_msgs/MetricExtractionActionGoal.msg[0m
[ 45%] [34m[1mGenerating EusLisp code from cares_msgs/MetricExtractionActionResult.msg[0m
[ 45%] [34m[1mGenerating Javascript code from cares_msgs/NavigationGoal.msg[0m
[ 46%] [34m[1mGenerating Lisp code from cares_msgs/MetricExtractionActionResult.msg[0m
[ 46%] [34m[1mGenerating C++ code from cares_msgs/ArchieRailCmdResult.msg[0m
[ 46%] [34m[1mGenerating Python from MSG cares_msgs/MappingFeedback[0m
[ 47%] [34m[1mGenerating C++ code from cares_msgs/ArchieRailCmdFeedback.msg[0m
[ 47%] [34m[1mGenerating EusLisp code from cares_msgs/MetricExtractionActionFeedback.msg[0m
[ 47%] [34m[1mGenerating Lisp code from cares_msgs/MetricExtractionActionFeedback.msg[0m
[ 47%] [34m[1mGenerating Javascript code from cares_msgs/NavigationResult.msg[0m
[ 48%] [34m[1mGenerating Javascript code from cares_msgs/NavigationFeedback.msg[0m
[ 48%] [34m[1mGenerating Lisp code from cares_msgs/MetricExtractionGoal.msg[0m
[ 48%] [34m[1mGenerating Lisp code from cares_msgs/MetricExtractionResult.msg[0m
[ 48%] [34m[1mGenerating EusLisp code from cares_msgs/MetricExtractionGoal.msg[0m
[ 50%] [34m[1mGenerating EusLisp code from cares_msgs/MetricExtractionResult.msg[0m
[ 51%] [34m[1mGenerating Lisp code from cares_msgs/MetricExtractionFeedback.msg[0m
[ 51%] [34m[1mGenerating Javascript code from cares_msgs/PlatformGoalAction.msg[0m
[ 51%] [34m[1mGenerating Lisp code from cares_msgs/NavigationAction.msg[0m
[ 51%] [34m[1mGenerating Javascript code from cares_msgs/PlatformGoalActionGoal.msg[0m
[ 51%] [34m[1mGenerating EusLisp code from cares_msgs/MetricExtractionFeedback.msg[0m
[ 51%] [34m[1mGenerating Javascript code from cares_msgs/PlatformGoalActionResult.msg[0m
[ 52%] [34m[1mGenerating Javascript code from cares_msgs/PlatformGoalActionFeedback.msg[0m
[ 52%] [34m[1mGenerating C++ code from cares_msgs/CutAction.msg[0m
[ 52%] [34m[1mGenerating Python from MSG cares_msgs/MetricExtractionAction[0m
[ 52%] [34m[1mGenerating Javascript code from cares_msgs/PlatformGoalGoal.msg[0m
[ 52%] [34m[1mGenerating Javascript code from cares_msgs/PlatformGoalResult.msg[0m
[ 52%] [34m[1mGenerating Lisp code from cares_msgs/NavigationActionGoal.msg[0m
[ 52%] [34m[1mGenerating EusLisp code from cares_msgs/NavigationAction.msg[0m
[ 52%] [34m[1mGenerating EusLisp code from cares_msgs/NavigationActionGoal.msg[0m
[ 52%] [34m[1mGenerating Javascript code from cares_msgs/PlatformGoalFeedback.msg[0m
[ 53%] [34m[1mGenerating Javascript code from cares_msgs/ScanningAction.msg[0m
[ 53%] [34m[1mGenerating Javascript code from cares_msgs/ScanningActionGoal.msg[0m
[ 54%] [34m[1mGenerating EusLisp code from cares_msgs/NavigationActionResult.msg[0m
[ 54%] [34m[1mGenerating Lisp code from cares_msgs/NavigationActionResult.msg[0m
[ 54%] [34m[1mGenerating Javascript code from cares_msgs/ScanningActionResult.msg[0m
[ 54%] [34m[1mGenerating Javascript code from cares_msgs/ScanningActionFeedback.msg[0m
[ 55%] [34m[1mGenerating Javascript code from cares_msgs/ScanningGoal.msg[0m
[ 55%] [34m[1mGenerating C++ code from cares_msgs/CutActionGoal.msg[0m
[ 56%] [34m[1mGenerating Lisp code from cares_msgs/NavigationActionFeedback.msg[0m
[ 56%] [34m[1mGenerating EusLisp code from cares_msgs/NavigationActionFeedback.msg[0m
[ 56%] [34m[1mGenerating Lisp code from cares_msgs/NavigationResult.msg[0m
[ 56%] [34m[1mGenerating Javascript code from cares_msgs/ScanningResult.msg[0m
[ 56%] [34m[1mGenerating Lisp code from cares_msgs/NavigationGoal.msg[0m
[ 56%] [34m[1mGenerating EusLisp code from cares_msgs/NavigationGoal.msg[0m
[ 56%] [34m[1mGenerating C++ code from cares_msgs/CutActionResult.msg[0m
[ 56%] [34m[1mGenerating EusLisp code from cares_msgs/NavigationResult.msg[0m
[ 56%] [34m[1mGenerating Javascript code from cares_msgs/ScanningFeedback.msg[0m
[ 56%] [34m[1mGenerating Python from MSG cares_msgs/MetricExtractionActionGoal[0m
[ 56%] [34m[1mGenerating Lisp code from cares_msgs/NavigationFeedback.msg[0m
[ 56%] [34m[1mGenerating Javascript code from cares_msgs/ThinAction.msg[0m
[ 56%] [34m[1mGenerating Lisp code from cares_msgs/PlatformGoalAction.msg[0m
[ 57%] [34m[1mGenerating Lisp code from cares_msgs/PlatformGoalActionGoal.msg[0m
[ 58%] [34m[1mGenerating EusLisp code from cares_msgs/NavigationFeedback.msg[0m
[ 58%] [34m[1mGenerating Javascript code from cares_msgs/ThinActionGoal.msg[0m
[ 58%] [34m[1mGenerating C++ code from cares_msgs/CutActionFeedback.msg[0m
[ 58%] [34m[1mGenerating EusLisp code from cares_msgs/PlatformGoalAction.msg[0m
[ 59%] [34m[1mGenerating Javascript code from cares_msgs/ThinActionResult.msg[0m
[ 59%] [34m[1mGenerating Lisp code from cares_msgs/PlatformGoalActionResult.msg[0m
[ 60%] [34m[1mGenerating C++ code from cares_msgs/CutGoal.msg[0m
[ 60%] [34m[1mGenerating EusLisp code from cares_msgs/PlatformGoalActionGoal.msg[0m
[ 61%] [34m[1mGenerating Python from MSG cares_msgs/MetricExtractionActionResult[0m
[ 61%] [34m[1mGenerating Javascript code from cares_msgs/ThinActionFeedback.msg[0m
[ 61%] [34m[1mGenerating Lisp code from cares_msgs/PlatformGoalActionFeedback.msg[0m
[ 61%] [34m[1mGenerating Javascript code from cares_msgs/ThinGoal.msg[0m
[ 61%] [34m[1mGenerating Lisp code from cares_msgs/PlatformGoalGoal.msg[0m
[ 61%] [34m[1mGenerating EusLisp code from cares_msgs/PlatformGoalActionResult.msg[0m
[ 61%] [34m[1mGenerating Javascript code from cares_msgs/ThinResult.msg[0m
[ 61%] [34m[1mGenerating EusLisp code from cares_msgs/PlatformGoalActionFeedback.msg[0m
[ 62%] [34m[1mGenerating Lisp code from cares_msgs/PlatformGoalResult.msg[0m
[ 63%] [34m[1mGenerating Javascript code from cares_msgs/ThinFeedback.msg[0m
[ 64%] [34m[1mGenerating EusLisp code from cares_msgs/PlatformGoalGoal.msg[0m
[ 64%] [34m[1mGenerating Lisp code from cares_msgs/PlatformGoalFeedback.msg[0m
[ 64%] [34m[1mGenerating Lisp code from cares_msgs/ScanningAction.msg[0m
[ 64%] [34m[1mGenerating EusLisp code from cares_msgs/PlatformGoalResult.msg[0m
[ 64%] [34m[1mGenerating Python from MSG cares_msgs/MetricExtractionActionFeedback[0m
[ 64%] [34m[1mGenerating C++ code from cares_msgs/CutFeedback.msg[0m
[ 64%] [34m[1mGenerating C++ code from cares_msgs/CutResult.msg[0m
[ 64%] [34m[1mGenerating EusLisp code from cares_msgs/PlatformGoalFeedback.msg[0m
[ 64%] [34m[1mGenerating Python from MSG cares_msgs/MetricExtractionGoal[0m
[ 64%] [34m[1mGenerating Javascript code from cares_msgs/ArucoDetect.srv[0m
[ 64%] [34m[1mGenerating EusLisp code from cares_msgs/ScanningAction.msg[0m
[ 64%] [34m[1mGenerating Lisp code from cares_msgs/ScanningActionGoal.msg[0m
[ 65%] [34m[1mGenerating Lisp code from cares_msgs/ScanningActionResult.msg[0m
[ 66%] [34m[1mGenerating EusLisp code from cares_msgs/ScanningActionGoal.msg[0m
[ 66%] [34m[1mGenerating EusLisp code from cares_msgs/ScanningActionResult.msg[0m
[ 66%] [34m[1mGenerating Javascript code from cares_msgs/CalibrationService.srv[0m
[ 66%] [34m[1mGenerating Javascript code from cares_msgs/Detection.srv[0m
[ 66%] [34m[1mGenerating Lisp code from cares_msgs/ScanningActionFeedback.msg[0m
[ 66%] [34m[1mGenerating EusLisp code from cares_msgs/ScanningActionFeedback.msg[0m
[ 66%] [34m[1mGenerating C++ code from cares_msgs/MappingAction.msg[0m
[ 66%] [34m[1mGenerating Lisp code from cares_msgs/ScanningResult.msg[0m
[ 67%] [34m[1mGenerating Javascript code from cares_msgs/ExtractCutPoints.srv[0m
[ 67%] [34m[1mGenerating Javascript code from cares_msgs/ExtractThinPoints.srv[0m
[ 67%] [34m[1mGenerating Lisp code from cares_msgs/ScanningGoal.msg[0m
[ 67%] [34m[1mGenerating Python from MSG cares_msgs/MetricExtractionResult[0m
[ 68%] [34m[1mGenerating Python from MSG cares_msgs/MetricExtractionFeedback[0m
[ 68%] [34m[1mGenerating EusLisp code from cares_msgs/ScanningGoal.msg[0m
[ 68%] [34m[1mGenerating Lisp code from cares_msgs/ScanningFeedback.msg[0m
[ 69%] [34m[1mGenerating EusLisp code from cares_msgs/ScanningResult.msg[0m
[ 69%] [34m[1mGenerating Javascript code from cares_msgs/LoadVine.srv[0m
[ 69%] [34m[1mGenerating EusLisp code from cares_msgs/ScanningFeedback.msg[0m
[ 70%] [34m[1mGenerating Lisp code from cares_msgs/ThinAction.msg[0m
[ 70%] [34m[1mGenerating Lisp code from cares_msgs/ThinActionGoal.msg[0m
[ 70%] [34m[1mGenerating Javascript code from cares_msgs/MergeExtractor.srv[0m
[ 70%] [34m[1mGenerating Python from MSG cares_msgs/NavigationAction[0m
[ 70%] [34m[1mGenerating Lisp code from cares_msgs/ThinActionResult.msg[0m
[ 70%] [34m[1mGenerating EusLisp code from cares_msgs/ThinAction.msg[0m
[ 71%] [34m[1mGenerating Python from MSG cares_msgs/NavigationActionGoal[0m
[ 71%] [34m[1mGenerating Lisp code from cares_msgs/ThinActionFeedback.msg[0m
[ 71%] [34m[1mGenerating C++ code from cares_msgs/MappingActionGoal.msg[0m
[ 71%] [34m[1mGenerating Javascript code from cares_msgs/SaveCaneGT.srv[0m
[ 71%] [34m[1mGenerating C++ code from cares_msgs/MappingActionResult.msg[0m
[ 71%] [34m[1mGenerating Python from MSG cares_msgs/NavigationActionResult[0m
[ 72%] [34m[1mGenerating Javascript code from cares_msgs/SetThinPoints.srv[0m
[ 73%] [34m[1mGenerating Python from MSG cares_msgs/NavigationActionFeedback[0m
[ 74%] [34m[1mGenerating Lisp code from cares_msgs/ThinGoal.msg[0m
[ 74%] [34m[1mGenerating Lisp code from cares_msgs/ThinResult.msg[0m
[ 74%] [34m[1mGenerating Lisp code from cares_msgs/ThinFeedback.msg[0m
[ 74%] [34m[1mGenerating Lisp code from cares_msgs/ArucoDetect.srv[0m
[ 74%] [34m[1mGenerating Python from MSG cares_msgs/NavigationGoal[0m
[ 75%] [34m[1mGenerating Lisp code from cares_msgs/CalibrationService.srv[0m
[ 75%] Built target cares_msgs_generate_messages_nodejs
[ 75%] [34m[1mGenerating Python from MSG cares_msgs/NavigationResult[0m
[ 75%] [34m[1mGenerating EusLisp code from cares_msgs/ThinActionGoal.msg[0m
[ 75%] [34m[1mGenerating Lisp code from cares_msgs/Detection.srv[0m
[ 75%] [34m[1mGenerating Python from MSG cares_msgs/NavigationFeedback[0m
[ 75%] [34m[1mGenerating Lisp code from cares_msgs/ExtractCutPoints.srv[0m
[ 75%] [34m[1mGenerating EusLisp code from cares_msgs/ThinActionResult.msg[0m
[ 75%] [34m[1mGenerating C++ code from cares_msgs/MappingActionFeedback.msg[0m
[ 75%] [34m[1mGenerating Lisp code from cares_msgs/ExtractThinPoints.srv[0m
[ 75%] [34m[1mGenerating Python from MSG cares_msgs/PlatformGoalAction[0m
[ 76%] [34m[1mGenerating Lisp code from cares_msgs/LoadVine.srv[0m
[ 77%] [34m[1mGenerating EusLisp code from cares_msgs/ThinActionFeedback.msg[0m
[ 77%] [34m[1mGenerating EusLisp code from cares_msgs/ThinGoal.msg[0m
[ 77%] [34m[1mGenerating Lisp code from cares_msgs/MergeExtractor.srv[0m
[ 77%] [34m[1mGenerating EusLisp code from cares_msgs/ThinResult.msg[0m
[ 77%] [34m[1mGenerating EusLisp code from cares_msgs/ThinFeedback.msg[0m
[ 78%] [34m[1mGenerating Python from MSG cares_msgs/PlatformGoalActionGoal[0m
[ 78%] [34m[1mGenerating Lisp code from cares_msgs/SaveCaneGT.srv[0m
[ 78%] [34m[1mGenerating Python from MSG cares_msgs/PlatformGoalActionResult[0m
[ 78%] [34m[1mGenerating Python from MSG cares_msgs/PlatformGoalActionFeedback[0m
[ 78%] [34m[1mGenerating Lisp code from cares_msgs/SetThinPoints.srv[0m
[ 78%] [34m[1mGenerating C++ code from cares_msgs/MappingGoal.msg[0m
[ 79%] [34m[1mGenerating C++ code from cares_msgs/MappingResult.msg[0m
[ 80%] [34m[1mGenerating EusLisp code from cares_msgs/ArucoDetect.srv[0m
[ 80%] [34m[1mGenerating C++ code from cares_msgs/MappingFeedback.msg[0m
[ 80%] [34m[1mGenerating EusLisp code from cares_msgs/CalibrationService.srv[0m
[ 80%] [34m[1mGenerating C++ code from cares_msgs/MetricExtractionAction.msg[0m
[ 80%] Built target cares_msgs_generate_messages_lisp
[ 80%] [34m[1mGenerating C++ code from cares_msgs/MetricExtractionActionGoal.msg[0m
[ 80%] [34m[1mGenerating EusLisp code from cares_msgs/Detection.srv[0m
[ 80%] [34m[1mGenerating C++ code from cares_msgs/MetricExtractionActionResult.msg[0m
[ 80%] [34m[1mGenerating Python from MSG cares_msgs/PlatformGoalGoal[0m
[ 81%] [34m[1mGenerating Python from MSG cares_msgs/PlatformGoalResult[0m
[ 81%] [34m[1mGenerating Python from MSG cares_msgs/PlatformGoalFeedback[0m
[ 82%] [34m[1mGenerating C++ code from cares_msgs/MetricExtractionActionFeedback.msg[0m
[ 82%] [34m[1mGenerating C++ code from cares_msgs/MetricExtractionGoal.msg[0m
[ 82%] [34m[1mGenerating C++ code from cares_msgs/MetricExtractionResult.msg[0m
[ 82%] [34m[1mGenerating EusLisp code from cares_msgs/ExtractCutPoints.srv[0m
[ 83%] [34m[1mGenerating EusLisp code from cares_msgs/ExtractThinPoints.srv[0m
[ 83%] [34m[1mGenerating Python from MSG cares_msgs/ScanningAction[0m
[ 83%] [34m[1mGenerating Python from MSG cares_msgs/ScanningActionGoal[0m
[ 84%] [34m[1mGenerating Python from MSG cares_msgs/ScanningActionResult[0m
[ 84%] [34m[1mGenerating C++ code from cares_msgs/MetricExtractionFeedback.msg[0m
[ 84%] [34m[1mGenerating EusLisp code from cares_msgs/LoadVine.srv[0m
[ 84%] [34m[1mGenerating EusLisp code from cares_msgs/MergeExtractor.srv[0m
[ 84%] [34m[1mGenerating Python from MSG cares_msgs/ScanningActionFeedback[0m
[ 84%] [34m[1mGenerating Python from MSG cares_msgs/ScanningGoal[0m
[ 84%] [34m[1mGenerating Python from MSG cares_msgs/ScanningResult[0m
[ 85%] [34m[1mGenerating C++ code from cares_msgs/NavigationAction.msg[0m
[ 85%] [34m[1mGenerating C++ code from cares_msgs/NavigationActionGoal.msg[0m
[ 86%] [34m[1mGenerating Python from MSG cares_msgs/ThinAction[0m
[ 86%] [34m[1mGenerating Python from MSG cares_msgs/ScanningFeedback[0m
[ 86%] [34m[1mGenerating EusLisp code from cares_msgs/SaveCaneGT.srv[0m
[ 86%] [34m[1mGenerating Python from MSG cares_msgs/ThinActionGoal[0m
[ 86%] [34m[1mGenerating Python from MSG cares_msgs/ThinActionResult[0m
[ 86%] [34m[1mGenerating Python from MSG cares_msgs/ThinActionFeedback[0m
[ 86%] [34m[1mGenerating EusLisp code from cares_msgs/SetThinPoints.srv[0m
[ 87%] [34m[1mGenerating EusLisp manifest code for cares_msgs[0m
[ 87%] [34m[1mGenerating C++ code from cares_msgs/NavigationActionResult.msg[0m
[ 87%] [34m[1mGenerating Python from MSG cares_msgs/ThinResult[0m
[ 88%] [34m[1mGenerating Python from MSG cares_msgs/ThinGoal[0m
[ 88%] [34m[1mGenerating Python from MSG cares_msgs/ThinFeedback[0m
[ 88%] [34m[1mGenerating Python code from SRV cares_msgs/Detection[0m
[ 88%] [34m[1mGenerating Python code from SRV cares_msgs/ArucoDetect[0m
[ 89%] [34m[1mGenerating Python code from SRV cares_msgs/CalibrationService[0m
[ 89%] [34m[1mGenerating Python code from SRV cares_msgs/ExtractThinPoints[0m
[ 89%] [34m[1mGenerating Python code from SRV cares_msgs/ExtractCutPoints[0m
[ 89%] [34m[1mGenerating Python code from SRV cares_msgs/LoadVine[0m
[ 89%] [34m[1mGenerating C++ code from cares_msgs/NavigationActionFeedback.msg[0m
[ 90%] [34m[1mGenerating C++ code from cares_msgs/NavigationGoal.msg[0m
[ 91%] [34m[1mGenerating Python code from SRV cares_msgs/MergeExtractor[0m
[ 91%] [34m[1mGenerating Python code from SRV cares_msgs/SaveCaneGT[0m
[ 91%] [34m[1mGenerating C++ code from cares_msgs/NavigationResult.msg[0m
[ 91%] [34m[1mGenerating Python code from SRV cares_msgs/SetThinPoints[0m
[ 91%] [34m[1mGenerating C++ code from cares_msgs/NavigationFeedback.msg[0m
[ 91%] [34m[1mGenerating C++ code from cares_msgs/PlatformGoalAction.msg[0m
[ 91%] [34m[1mGenerating C++ code from cares_msgs/PlatformGoalActionGoal.msg[0m
[ 92%] [34m[1mGenerating C++ code from cares_msgs/PlatformGoalActionResult.msg[0m
[ 92%] [34m[1mGenerating C++ code from cares_msgs/PlatformGoalActionFeedback.msg[0m
[ 92%] [34m[1mGenerating C++ code from cares_msgs/PlatformGoalGoal.msg[0m
[ 92%] [34m[1mGenerating C++ code from cares_msgs/PlatformGoalResult.msg[0m
[ 93%] [34m[1mGenerating C++ code from cares_msgs/PlatformGoalFeedback.msg[0m
[ 93%] [34m[1mGenerating C++ code from cares_msgs/ScanningAction.msg[0m
[ 93%] [34m[1mGenerating C++ code from cares_msgs/ScanningActionGoal.msg[0m
[ 93%] [34m[1mGenerating C++ code from cares_msgs/ScanningGoal.msg[0m
[ 94%] [34m[1mGenerating C++ code from cares_msgs/ScanningActionFeedback.msg[0m
[ 94%] [34m[1mGenerating C++ code from cares_msgs/ScanningActionResult.msg[0m
[ 94%] [34m[1mGenerating Python msg __init__.py for cares_msgs[0m
[ 94%] [34m[1mGenerating C++ code from cares_msgs/ScanningResult.msg[0m
[ 94%] [34m[1mGenerating C++ code from cares_msgs/ScanningFeedback.msg[0m
[ 95%] [34m[1mGenerating C++ code from cares_msgs/ThinAction.msg[0m
[ 96%] [34m[1mGenerating Python srv __init__.py for cares_msgs[0m
[ 96%] [34m[1mGenerating C++ code from cares_msgs/ThinActionGoal.msg[0m
[ 96%] [34m[1mGenerating C++ code from cares_msgs/ThinActionResult.msg[0m
[ 96%] [34m[1mGenerating C++ code from cares_msgs/ThinActionFeedback.msg[0m
[ 96%] [34m[1mGenerating C++ code from cares_msgs/ThinGoal.msg[0m
[ 97%] [34m[1mGenerating C++ code from cares_msgs/ThinResult.msg[0m
[ 97%] [34m[1mGenerating C++ code from cares_msgs/ThinFeedback.msg[0m
[ 97%] [34m[1mGenerating C++ code from cares_msgs/ArucoDetect.srv[0m
[ 97%] [34m[1mGenerating C++ code from cares_msgs/CalibrationService.srv[0m
[ 97%] Built target cares_msgs_generate_messages_eus
[ 97%] [34m[1mGenerating C++ code from cares_msgs/ExtractCutPoints.srv[0m
[ 98%] [34m[1mGenerating C++ code from cares_msgs/Detection.srv[0m
[ 98%] [34m[1mGenerating C++ code from cares_msgs/ExtractThinPoints.srv[0m
[ 98%] [34m[1mGenerating C++ code from cares_msgs/LoadVine.srv[0m
[100%] [34m[1mGenerating C++ code from cares_msgs/MergeExtractor.srv[0m
[100%] Built target cares_msgs_generate_messages_py
[100%] [34m[1mGenerating C++ code from cares_msgs/SaveCaneGT.srv[0m
[100%] [34m[1mGenerating C++ code from cares_msgs/SetThinPoints.srv[0m
[100%] Built target cares_msgs_generate_messages_cpp
[35m[1mScanning dependencies of target cares_msgs_generate_messages[0m
[100%] Built target cares_msgs_generate_messages
